2021-04-18 11:39:19 [restartedMain] INFO  com.itf.backend.DemoApplication : 
 Starting DemoApplication using Java 1.8.0_275 on DESKTOP-D4T0GAH with PID 2264 (E:\Working\SpringBoot\spring-boot-backend\target\classes started by Jeremy in E:\Working\SpringBoot\spring-boot-backend) 
2021-04-18 11:39:19 [restartedMain] DEBUG com.itf.backend.DemoApplication : 
 Running with Spring Boot v2.4.4, Spring v5.3.5 
2021-04-18 11:39:19 [restartedMain] INFO  com.itf.backend.DemoApplication : 
 No active profile set, falling back to default profiles: default 
2021-04-18 11:39:20 [restartedMain] INFO  com.itf.backend.DemoApplication : 
 Started DemoApplication in 1.73 seconds (JVM running for 2.308) 
2021-04-18 11:39:41 [http-nio-8080-exec-1] DEBUG c.i.b.m.R.listReportByTaskID : 
 ==>  Preparing: select * from inspection WHERE taskID=? 
2021-04-18 11:39:41 [http-nio-8080-exec-1] DEBUG c.i.b.m.R.listReportByTaskID : 
 ==> Parameters: 1(Integer) 
2021-04-18 11:39:41 [http-nio-8080-exec-1] DEBUG c.i.b.m.R.listReportByTaskID : 
 <==      Total: 7 
2021-04-18 11:49:04 [restartedMain] INFO  com.itf.backend.DemoApplication : 
 Starting DemoApplication using Java 1.8.0_275 on DESKTOP-D4T0GAH with PID 10064 (E:\Working\SpringBoot\spring-boot-backend\target\classes started by Jeremy in E:\Working\SpringBoot\spring-boot-backend) 
2021-04-18 11:49:04 [restartedMain] DEBUG com.itf.backend.DemoApplication : 
 Running with Spring Boot v2.4.4, Spring v5.3.5 
2021-04-18 11:49:04 [restartedMain] INFO  com.itf.backend.DemoApplication : 
 No active profile set, falling back to default profiles: default 
2021-04-18 11:49:05 [restartedMain] INFO  com.itf.backend.DemoApplication : 
 Started DemoApplication in 1.31 seconds (JVM running for 1.748) 
2021-04-18 11:49:09 [http-nio-8080-exec-1] DEBUG c.i.b.m.R.listReportByTaskID : 
 ==>  Preparing: select * from inspection WHERE taskID=? 
2021-04-18 11:49:09 [http-nio-8080-exec-1] DEBUG c.i.b.m.R.listReportByTaskID : 
 ==> Parameters: 1(Integer) 
2021-04-18 11:49:10 [http-nio-8080-exec-1] DEBUG c.i.b.m.R.listReportByTaskID : 
 <==      Total: 6 
2021-04-18 11:49:13 [http-nio-8080-exec-3] DEBUG c.i.b.m.R.listReportByTaskID : 
 ==>  Preparing: select * from inspection WHERE taskID=? 
2021-04-18 11:49:13 [http-nio-8080-exec-3] DEBUG c.i.b.m.R.listReportByTaskID : 
 ==> Parameters: 1(Integer) 
2021-04-18 11:49:13 [http-nio-8080-exec-3] DEBUG c.i.b.m.R.listReportByTaskID : 
 <==      Total: 6 
2021-04-18 11:49:44 [restartedMain] INFO  com.itf.backend.DemoApplication : 
 Starting DemoApplication using Java 1.8.0_275 on DESKTOP-D4T0GAH with PID 656 (E:\Working\SpringBoot\spring-boot-backend\target\classes started by Jeremy in E:\Working\SpringBoot\spring-boot-backend) 
2021-04-18 11:49:44 [restartedMain] DEBUG com.itf.backend.DemoApplication : 
 Running with Spring Boot v2.4.4, Spring v5.3.5 
2021-04-18 11:49:44 [restartedMain] INFO  com.itf.backend.DemoApplication : 
 No active profile set, falling back to default profiles: default 
2021-04-18 11:49:45 [restartedMain] INFO  com.itf.backend.DemoApplication : 
 Started DemoApplication in 1.297 seconds (JVM running for 1.744) 
2021-04-18 11:49:47 [http-nio-8080-exec-1] DEBUG c.i.b.m.R.listReportByTaskID : 
 ==>  Preparing: select * from inspection WHERE taskID=? 
2021-04-18 11:49:47 [http-nio-8080-exec-1] DEBUG c.i.b.m.R.listReportByTaskID : 
 ==> Parameters: 1(Integer) 
2021-04-18 11:49:47 [http-nio-8080-exec-1] DEBUG c.i.b.m.R.listReportByTaskID : 
 <==      Total: 6 
2021-04-18 12:07:22 [http-nio-8080-exec-3] DEBUG c.i.b.mapper.UserMapper.findOne : 
 ==>  Preparing: select * from user WHERE name=? 
2021-04-18 12:07:22 [http-nio-8080-exec-3] DEBUG c.i.b.mapper.UserMapper.findOne : 
 ==> Parameters: Mike(String) 
2021-04-18 12:07:22 [http-nio-8080-exec-3] DEBUG c.i.b.mapper.UserMapper.findOne : 
 <==      Total: 1 
2021-04-18 12:07:25 [http-nio-8080-exec-6] DEBUG c.i.b.mapper.UserMapper.findOne : 
 ==>  Preparing: select * from user WHERE name=? 
2021-04-18 12:07:25 [http-nio-8080-exec-6] DEBUG c.i.b.mapper.UserMapper.findOne : 
 ==> Parameters: Mike1(String) 
2021-04-18 12:07:25 [http-nio-8080-exec-6] DEBUG c.i.b.mapper.UserMapper.findOne : 
 <==      Total: 0 
2021-04-18 12:07:25 [http-nio-8080-exec-6] DEBUG c.itf.backend.mapper.UserMapper.add : 
 ==>  Preparing: insert into user(name, password,post,emailAddress,cellNumber) values (?,?,?,?,?) 
2021-04-18 12:07:25 [http-nio-8080-exec-6] DEBUG c.itf.backend.mapper.UserMapper.add : 
 ==> Parameters: Mike1(String), 8d969eef6ecad3c29a3a629280e686cf0c3f5d5a86aff3ca12020c923adc6c92(String), Manager(String), mike@hku.hk(String), 66998855(String) 
2021-04-18 12:07:25 [http-nio-8080-exec-6] DEBUG c.itf.backend.mapper.UserMapper.add : 
 <==    Updates: 1 
2021-04-18 12:07:25 [http-nio-8080-exec-6] DEBUG c.i.b.mapper.UserMapper.findOne : 
 ==>  Preparing: select * from user WHERE id=? 
2021-04-18 12:07:25 [http-nio-8080-exec-6] DEBUG c.i.b.mapper.UserMapper.findOne : 
 ==> Parameters: 7(Integer) 
2021-04-18 12:07:25 [http-nio-8080-exec-6] DEBUG c.i.b.mapper.UserMapper.findOne : 
 <==      Total: 1 
2021-04-18 12:40:26 [restartedMain] INFO  com.itf.backend.DemoApplication : 
 Starting DemoApplication using Java 1.8.0_275 on DESKTOP-D4T0GAH with PID 17496 (E:\Working\SpringBoot\spring-boot-backend\target\classes started by Jeremy in E:\Working\SpringBoot\spring-boot-backend) 
2021-04-18 12:40:26 [restartedMain] DEBUG com.itf.backend.DemoApplication : 
 Running with Spring Boot v2.4.4, Spring v5.3.5 
2021-04-18 12:40:26 [restartedMain] INFO  com.itf.backend.DemoApplication : 
 No active profile set, falling back to default profiles: default 
2021-04-18 12:40:27 [restartedMain] INFO  com.itf.backend.DemoApplication : 
 Started DemoApplication in 1.286 seconds (JVM running for 1.722) 
2021-04-18 12:40:46 [http-nio-8080-exec-1] DEBUG c.i.b.m.R.listReportByTaskID : 
 ==>  Preparing: select * from inspection WHERE taskID=? 
2021-04-18 12:40:46 [http-nio-8080-exec-1] DEBUG c.i.b.m.R.listReportByTaskID : 
 ==> Parameters: 1(Integer) 
2021-04-18 12:40:46 [http-nio-8080-exec-1] DEBUG c.i.b.m.R.listReportByTaskID : 
 <==      Total: 6 
2021-04-18 12:42:53 [restartedMain] INFO  com.itf.backend.DemoApplication : 
 Starting DemoApplication using Java 1.8.0_275 on DESKTOP-D4T0GAH with PID 15992 (E:\Working\SpringBoot\spring-boot-backend\target\classes started by Jeremy in E:\Working\SpringBoot\spring-boot-backend) 
2021-04-18 12:42:53 [restartedMain] DEBUG com.itf.backend.DemoApplication : 
 Running with Spring Boot v2.4.4, Spring v5.3.5 
2021-04-18 12:42:53 [restartedMain] INFO  com.itf.backend.DemoApplication : 
 No active profile set, falling back to default profiles: default 
2021-04-18 12:42:54 [restartedMain] INFO  com.itf.backend.DemoApplication : 
 Started DemoApplication in 1.288 seconds (JVM running for 1.727) 
2021-04-18 12:43:17 [http-nio-8080-exec-2] ERROR c.i.b.config.GlobalExceptionHandler : 
 org.springframework.web.HttpRequestMethodNotSupportedException: Request method 'GET' not supported
	at org.springframework.web.servlet.mvc.method.RequestMappingInfoHandlerMapping.handleNoMatch(RequestMappingInfoHandlerMapping.java:250)
	at org.springframework.web.servlet.handler.AbstractHandlerMethodMapping.lookupHandlerMethod(AbstractHandlerMethodMapping.java:435)
	at org.springframework.web.servlet.handler.AbstractHandlerMethodMapping.getHandlerInternal(AbstractHandlerMethodMapping.java:376)
	at org.springframework.web.servlet.mvc.method.RequestMappingInfoHandlerMapping.getHandlerInternal(RequestMappingInfoHandlerMapping.java:123)
	at org.springframework.web.servlet.mvc.method.RequestMappingInfoHandlerMapping.getHandlerInternal(RequestMappingInfoHandlerMapping.java:66)
	at org.springframework.web.servlet.handler.AbstractHandlerMapping.getHandler(AbstractHandlerMapping.java:498)
	at org.springframework.web.servlet.DispatcherServlet.getHandler(DispatcherServlet.java:1254)
	at org.springframework.web.servlet.DispatcherServlet.doDispatch(DispatcherServlet.java:1036)
	at org.springframework.web.servlet.DispatcherServlet.doService(DispatcherServlet.java:962)
	at org.springframework.web.servlet.FrameworkServlet.processRequest(FrameworkServlet.java:1006)
	at org.springframework.web.servlet.FrameworkServlet.doGet(FrameworkServlet.java:898)
	at javax.servlet.http.HttpServlet.service(HttpServlet.java:626)
	at org.springframework.web.servlet.FrameworkServlet.service(FrameworkServlet.java:883)
	at javax.servlet.http.HttpServlet.service(HttpServlet.java:733)
	at org.apache.catalina.core.ApplicationFilterChain.internalDoFilter(ApplicationFilterChain.java:227)
	at org.apache.catalina.core.ApplicationFilterChain.doFilter(ApplicationFilterChain.java:162)
	at org.apache.tomcat.websocket.server.WsFilter.doFilter(WsFilter.java:53)
	at org.apache.catalina.core.ApplicationFilterChain.internalDoFilter(ApplicationFilterChain.java:189)
	at org.apache.catalina.core.ApplicationFilterChain.doFilter(ApplicationFilterChain.java:162)
	at org.springframework.web.filter.RequestContextFilter.doFilterInternal(RequestContextFilter.java:100)
	at org.springframework.web.filter.OncePerRequestFilter.doFilter(OncePerRequestFilter.java:119)
	at org.apache.catalina.core.ApplicationFilterChain.internalDoFilter(ApplicationFilterChain.java:189)
	at org.apache.catalina.core.ApplicationFilterChain.doFilter(ApplicationFilterChain.java:162)
	at org.springframework.web.filter.FormContentFilter.doFilterInternal(FormContentFilter.java:93)
	at org.springframework.web.filter.OncePerRequestFilter.doFilter(OncePerRequestFilter.java:119)
	at org.apache.catalina.core.ApplicationFilterChain.internalDoFilter(ApplicationFilterChain.java:189)
	at org.apache.catalina.core.ApplicationFilterChain.doFilter(ApplicationFilterChain.java:162)
	at org.springframework.web.filter.CharacterEncodingFilter.doFilterInternal(CharacterEncodingFilter.java:201)
	at org.springframework.web.filter.OncePerRequestFilter.doFilter(OncePerRequestFilter.java:119)
	at org.apache.catalina.core.ApplicationFilterChain.internalDoFilter(ApplicationFilterChain.java:189)
	at org.apache.catalina.core.ApplicationFilterChain.doFilter(ApplicationFilterChain.java:162)
	at org.apache.catalina.core.StandardWrapperValve.invoke(StandardWrapperValve.java:202)
	at org.apache.catalina.core.StandardContextValve.invoke(StandardContextValve.java:97)
	at org.apache.catalina.authenticator.AuthenticatorBase.invoke(AuthenticatorBase.java:542)
	at org.apache.catalina.core.StandardHostValve.invoke(StandardHostValve.java:143)
	at org.apache.catalina.valves.ErrorReportValve.invoke(ErrorReportValve.java:92)
	at org.apache.catalina.core.StandardEngineValve.invoke(StandardEngineValve.java:78)
	at org.apache.catalina.connector.CoyoteAdapter.service(CoyoteAdapter.java:357)
	at org.apache.coyote.http11.Http11Processor.service(Http11Processor.java:374)
	at org.apache.coyote.AbstractProcessorLight.process(AbstractProcessorLight.java:65)
	at org.apache.coyote.AbstractProtocol$ConnectionHandler.process(AbstractProtocol.java:893)
	at org.apache.tomcat.util.net.NioEndpoint$SocketProcessor.doRun(NioEndpoint.java:1707)
	at org.apache.tomcat.util.net.SocketProcessorBase.run(SocketProcessorBase.java:49)
	at java.util.concurrent.ThreadPoolExecutor.runWorker(ThreadPoolExecutor.java:1149)
	at java.util.concurrent.ThreadPoolExecutor$Worker.run(ThreadPoolExecutor.java:624)
	at org.apache.tomcat.util.threads.TaskThread$WrappingRunnable.run(TaskThread.java:61)
	at java.lang.Thread.run(Thread.java:748)
 
2021-04-18 12:43:23 [http-nio-8080-exec-3] ERROR c.i.b.config.GlobalExceptionHandler : 
 org.springframework.http.converter.HttpMessageNotReadableException: Required request body is missing: public com.itf.backend.model.Report com.itf.backend.api.ReportApi.add(com.itf.backend.model.Report)
	at org.springframework.web.servlet.mvc.method.annotation.RequestResponseBodyMethodProcessor.readWithMessageConverters(RequestResponseBodyMethodProcessor.java:161)
	at org.springframework.web.servlet.mvc.method.annotation.RequestResponseBodyMethodProcessor.resolveArgument(RequestResponseBodyMethodProcessor.java:131)
	at org.springframework.web.method.support.HandlerMethodArgumentResolverComposite.resolveArgument(HandlerMethodArgumentResolverComposite.java:121)
	at org.springframework.web.method.support.InvocableHandlerMethod.getMethodArgumentValues(InvocableHandlerMethod.java:170)
	at org.springframework.web.method.support.InvocableHandlerMethod.invokeForRequest(InvocableHandlerMethod.java:137)
	at org.springframework.web.servlet.mvc.method.annotation.ServletInvocableHandlerMethod.invokeAndHandle(ServletInvocableHandlerMethod.java:106)
	at org.springframework.web.servlet.mvc.method.annotation.RequestMappingHandlerAdapter.invokeHandlerMethod(RequestMappingHandlerAdapter.java:894)
	at org.springframework.web.servlet.mvc.method.annotation.RequestMappingHandlerAdapter.handleInternal(RequestMappingHandlerAdapter.java:808)
	at org.springframework.web.servlet.mvc.method.AbstractHandlerMethodAdapter.handle(AbstractHandlerMethodAdapter.java:87)
	at org.springframework.web.servlet.DispatcherServlet.doDispatch(DispatcherServlet.java:1060)
	at org.springframework.web.servlet.DispatcherServlet.doService(DispatcherServlet.java:962)
	at org.springframework.web.servlet.FrameworkServlet.processRequest(FrameworkServlet.java:1006)
	at org.springframework.web.servlet.FrameworkServlet.doPost(FrameworkServlet.java:909)
	at javax.servlet.http.HttpServlet.service(HttpServlet.java:652)
	at org.springframework.web.servlet.FrameworkServlet.service(FrameworkServlet.java:883)
	at javax.servlet.http.HttpServlet.service(HttpServlet.java:733)
	at org.apache.catalina.core.ApplicationFilterChain.internalDoFilter(ApplicationFilterChain.java:227)
	at org.apache.catalina.core.ApplicationFilterChain.doFilter(ApplicationFilterChain.java:162)
	at org.apache.tomcat.websocket.server.WsFilter.doFilter(WsFilter.java:53)
	at org.apache.catalina.core.ApplicationFilterChain.internalDoFilter(ApplicationFilterChain.java:189)
	at org.apache.catalina.core.ApplicationFilterChain.doFilter(ApplicationFilterChain.java:162)
	at org.springframework.web.filter.RequestContextFilter.doFilterInternal(RequestContextFilter.java:100)
	at org.springframework.web.filter.OncePerRequestFilter.doFilter(OncePerRequestFilter.java:119)
	at org.apache.catalina.core.ApplicationFilterChain.internalDoFilter(ApplicationFilterChain.java:189)
	at org.apache.catalina.core.ApplicationFilterChain.doFilter(ApplicationFilterChain.java:162)
	at org.springframework.web.filter.FormContentFilter.doFilterInternal(FormContentFilter.java:93)
	at org.springframework.web.filter.OncePerRequestFilter.doFilter(OncePerRequestFilter.java:119)
	at org.apache.catalina.core.ApplicationFilterChain.internalDoFilter(ApplicationFilterChain.java:189)
	at org.apache.catalina.core.ApplicationFilterChain.doFilter(ApplicationFilterChain.java:162)
	at org.springframework.web.filter.CharacterEncodingFilter.doFilterInternal(CharacterEncodingFilter.java:201)
	at org.springframework.web.filter.OncePerRequestFilter.doFilter(OncePerRequestFilter.java:119)
	at org.apache.catalina.core.ApplicationFilterChain.internalDoFilter(ApplicationFilterChain.java:189)
	at org.apache.catalina.core.ApplicationFilterChain.doFilter(ApplicationFilterChain.java:162)
	at org.apache.catalina.core.StandardWrapperValve.invoke(StandardWrapperValve.java:202)
	at org.apache.catalina.core.StandardContextValve.invoke(StandardContextValve.java:97)
	at org.apache.catalina.authenticator.AuthenticatorBase.invoke(AuthenticatorBase.java:542)
	at org.apache.catalina.core.StandardHostValve.invoke(StandardHostValve.java:143)
	at org.apache.catalina.valves.ErrorReportValve.invoke(ErrorReportValve.java:92)
	at org.apache.catalina.core.StandardEngineValve.invoke(StandardEngineValve.java:78)
	at org.apache.catalina.connector.CoyoteAdapter.service(CoyoteAdapter.java:357)
	at org.apache.coyote.http11.Http11Processor.service(Http11Processor.java:374)
	at org.apache.coyote.AbstractProcessorLight.process(AbstractProcessorLight.java:65)
	at org.apache.coyote.AbstractProtocol$ConnectionHandler.process(AbstractProtocol.java:893)
	at org.apache.tomcat.util.net.NioEndpoint$SocketProcessor.doRun(NioEndpoint.java:1707)
	at org.apache.tomcat.util.net.SocketProcessorBase.run(SocketProcessorBase.java:49)
	at java.util.concurrent.ThreadPoolExecutor.runWorker(ThreadPoolExecutor.java:1149)
	at java.util.concurrent.ThreadPoolExecutor$Worker.run(ThreadPoolExecutor.java:624)
	at org.apache.tomcat.util.threads.TaskThread$WrappingRunnable.run(TaskThread.java:61)
	at java.lang.Thread.run(Thread.java:748)
 
2021-04-18 13:16:10 [http-nio-8080-exec-5] DEBUG c.i.backend.mapper.ReportMapper.add : 
 ==>  Preparing: insert into inspection(id, moduleID,floor,drawingID,taskID,inspValues) values (?,?,?,?,?,?) 
2021-04-18 13:16:10 [http-nio-8080-exec-5] DEBUG c.i.backend.mapper.ReportMapper.add : 
 ==> Parameters: 7(Integer), M1S1(String), 3/F(String), null, 1(Integer), Floor Beam|RHS120A|D|1910||YG|S/NS|(String) 
2021-04-18 13:16:10 [http-nio-8080-exec-5] DEBUG c.i.backend.mapper.ReportMapper.add : 
 <==    Updates: 1 
2021-04-18 13:16:14 [http-nio-8080-exec-6] DEBUG c.i.backend.mapper.ReportMapper.add : 
 ==>  Preparing: insert into inspection(id, moduleID,floor,drawingID,taskID,inspValues) values (?,?,?,?,?,?) 
2021-04-18 13:16:14 [http-nio-8080-exec-6] DEBUG c.i.backend.mapper.ReportMapper.add : 
 ==> Parameters: null, M1S1(String), 3/F(String), null, 1(Integer), Floor Beam|RHS120A|D|1910||YG|S/NS|(String) 
2021-04-18 13:16:14 [http-nio-8080-exec-6] DEBUG c.i.backend.mapper.ReportMapper.add : 
 <==    Updates: 1 
2021-04-18 13:16:19 [http-nio-8080-exec-7] DEBUG c.i.backend.mapper.ReportMapper.add : 
 ==>  Preparing: insert into inspection(id, moduleID,floor,drawingID,taskID,inspValues) values (?,?,?,?,?,?) 
2021-04-18 13:16:19 [http-nio-8080-exec-7] DEBUG c.i.backend.mapper.ReportMapper.add : 
 ==> Parameters: null, null, null, null, null, null 
2021-04-18 13:16:19 [http-nio-8080-exec-7] ERROR c.i.b.config.GlobalExceptionHandler : 
 org.springframework.dao.DataIntegrityViolationException: 
### Error updating database.  Cause: java.sql.SQLIntegrityConstraintViolationException: Column 'taskID' cannot be null
### The error may exist in com/itf/backend/mapper/ReportMapper.xml
### The error may involve defaultParameterMap
### The error occurred while setting parameters
### SQL: insert into inspection(id, moduleID,floor,drawingID,taskID,inspValues) values (?,?,?,?,?,?)
### Cause: java.sql.SQLIntegrityConstraintViolationException: Column 'taskID' cannot be null
; Column 'taskID' cannot be null; nested exception is java.sql.SQLIntegrityConstraintViolationException: Column 'taskID' cannot be null
	at org.springframework.jdbc.support.SQLExceptionSubclassTranslator.doTranslate(SQLExceptionSubclassTranslator.java:87)
	at org.springframework.jdbc.support.AbstractFallbackSQLExceptionTranslator.translate(AbstractFallbackSQLExceptionTranslator.java:70)
	at org.springframework.jdbc.support.AbstractFallbackSQLExceptionTranslator.translate(AbstractFallbackSQLExceptionTranslator.java:79)
	at org.mybatis.spring.MyBatisExceptionTranslator.translateExceptionIfPossible(MyBatisExceptionTranslator.java:91)
	at org.mybatis.spring.SqlSessionTemplate$SqlSessionInterceptor.invoke(SqlSessionTemplate.java:441)
	at com.sun.proxy.$Proxy59.insert(Unknown Source)
	at org.mybatis.spring.SqlSessionTemplate.insert(SqlSessionTemplate.java:272)
	at org.apache.ibatis.binding.MapperMethod.execute(MapperMethod.java:62)
	at org.apache.ibatis.binding.MapperProxy$PlainMethodInvoker.invoke(MapperProxy.java:152)
	at org.apache.ibatis.binding.MapperProxy.invoke(MapperProxy.java:85)
	at com.sun.proxy.$Proxy64.add(Unknown Source)
	at com.itf.backend.service.ReportService.add(ReportService.java:25)
	at com.itf.backend.api.ReportApi.add(ReportApi.java:32)
	at sun.reflect.NativeMethodAccessorImpl.invoke0(Native Method)
	at sun.reflect.NativeMethodAccessorImpl.invoke(NativeMethodAccessorImpl.java:62)
	at sun.reflect.DelegatingMethodAccessorImpl.invoke(DelegatingMethodAccessorImpl.java:43)
	at java.lang.reflect.Method.invoke(Method.java:498)
	at org.springframework.web.method.support.InvocableHandlerMethod.doInvoke(InvocableHandlerMethod.java:197)
	at org.springframework.web.method.support.InvocableHandlerMethod.invokeForRequest(InvocableHandlerMethod.java:141)
	at org.springframework.web.servlet.mvc.method.annotation.ServletInvocableHandlerMethod.invokeAndHandle(ServletInvocableHandlerMethod.java:106)
	at org.springframework.web.servlet.mvc.method.annotation.RequestMappingHandlerAdapter.invokeHandlerMethod(RequestMappingHandlerAdapter.java:894)
	at org.springframework.web.servlet.mvc.method.annotation.RequestMappingHandlerAdapter.handleInternal(RequestMappingHandlerAdapter.java:808)
	at org.springframework.web.servlet.mvc.method.AbstractHandlerMethodAdapter.handle(AbstractHandlerMethodAdapter.java:87)
	at org.springframework.web.servlet.DispatcherServlet.doDispatch(DispatcherServlet.java:1060)
	at org.springframework.web.servlet.DispatcherServlet.doService(DispatcherServlet.java:962)
	at org.springframework.web.servlet.FrameworkServlet.processRequest(FrameworkServlet.java:1006)
	at org.springframework.web.servlet.FrameworkServlet.doPost(FrameworkServlet.java:909)
	at javax.servlet.http.HttpServlet.service(HttpServlet.java:652)
	at org.springframework.web.servlet.FrameworkServlet.service(FrameworkServlet.java:883)
	at javax.servlet.http.HttpServlet.service(HttpServlet.java:733)
	at org.apache.catalina.core.ApplicationFilterChain.internalDoFilter(ApplicationFilterChain.java:227)
	at org.apache.catalina.core.ApplicationFilterChain.doFilter(ApplicationFilterChain.java:162)
	at org.apache.tomcat.websocket.server.WsFilter.doFilter(WsFilter.java:53)
	at org.apache.catalina.core.ApplicationFilterChain.internalDoFilter(ApplicationFilterChain.java:189)
	at org.apache.catalina.core.ApplicationFilterChain.doFilter(ApplicationFilterChain.java:162)
	at org.springframework.web.filter.RequestContextFilter.doFilterInternal(RequestContextFilter.java:100)
	at org.springframework.web.filter.OncePerRequestFilter.doFilter(OncePerRequestFilter.java:119)
	at org.apache.catalina.core.ApplicationFilterChain.internalDoFilter(ApplicationFilterChain.java:189)
	at org.apache.catalina.core.ApplicationFilterChain.doFilter(ApplicationFilterChain.java:162)
	at org.springframework.web.filter.FormContentFilter.doFilterInternal(FormContentFilter.java:93)
	at org.springframework.web.filter.OncePerRequestFilter.doFilter(OncePerRequestFilter.java:119)
	at org.apache.catalina.core.ApplicationFilterChain.internalDoFilter(ApplicationFilterChain.java:189)
	at org.apache.catalina.core.ApplicationFilterChain.doFilter(ApplicationFilterChain.java:162)
	at org.springframework.web.filter.CharacterEncodingFilter.doFilterInternal(CharacterEncodingFilter.java:201)
	at org.springframework.web.filter.OncePerRequestFilter.doFilter(OncePerRequestFilter.java:119)
	at org.apache.catalina.core.ApplicationFilterChain.internalDoFilter(ApplicationFilterChain.java:189)
	at org.apache.catalina.core.ApplicationFilterChain.doFilter(ApplicationFilterChain.java:162)
	at org.apache.catalina.core.StandardWrapperValve.invoke(StandardWrapperValve.java:202)
	at org.apache.catalina.core.StandardContextValve.invoke(StandardContextValve.java:97)
	at org.apache.catalina.authenticator.AuthenticatorBase.invoke(AuthenticatorBase.java:542)
	at org.apache.catalina.core.StandardHostValve.invoke(StandardHostValve.java:143)
	at org.apache.catalina.valves.ErrorReportValve.invoke(ErrorReportValve.java:92)
	at org.apache.catalina.core.StandardEngineValve.invoke(StandardEngineValve.java:78)
	at org.apache.catalina.connector.CoyoteAdapter.service(CoyoteAdapter.java:357)
	at org.apache.coyote.http11.Http11Processor.service(Http11Processor.java:374)
	at org.apache.coyote.AbstractProcessorLight.process(AbstractProcessorLight.java:65)
	at org.apache.coyote.AbstractProtocol$ConnectionHandler.process(AbstractProtocol.java:893)
	at org.apache.tomcat.util.net.NioEndpoint$SocketProcessor.doRun(NioEndpoint.java:1707)
	at org.apache.tomcat.util.net.SocketProcessorBase.run(SocketProcessorBase.java:49)
	at java.util.concurrent.ThreadPoolExecutor.runWorker(ThreadPoolExecutor.java:1149)
	at java.util.concurrent.ThreadPoolExecutor$Worker.run(ThreadPoolExecutor.java:624)
	at org.apache.tomcat.util.threads.TaskThread$WrappingRunnable.run(TaskThread.java:61)
	at java.lang.Thread.run(Thread.java:748)
Caused by: java.sql.SQLIntegrityConstraintViolationException: Column 'taskID' cannot be null
	at com.mysql.cj.jdbc.exceptions.SQLError.createSQLException(SQLError.java:117)
	at com.mysql.cj.jdbc.exceptions.SQLExceptionsMapping.translateException(SQLExceptionsMapping.java:122)
	at com.mysql.cj.jdbc.ClientPreparedStatement.executeInternal(ClientPreparedStatement.java:953)
	at com.mysql.cj.jdbc.ClientPreparedStatement.execute(ClientPreparedStatement.java:370)
	at com.zaxxer.hikari.pool.ProxyPreparedStatement.execute(ProxyPreparedStatement.java:44)
	at com.zaxxer.hikari.pool.HikariProxyPreparedStatement.execute(HikariProxyPreparedStatement.java)
	at sun.reflect.NativeMethodAccessorImpl.invoke0(Native Method)
	at sun.reflect.NativeMethodAccessorImpl.invoke(NativeMethodAccessorImpl.java:62)
	at sun.reflect.DelegatingMethodAccessorImpl.invoke(DelegatingMethodAccessorImpl.java:43)
	at java.lang.reflect.Method.invoke(Method.java:498)
	at org.apache.ibatis.logging.jdbc.PreparedStatementLogger.invoke(PreparedStatementLogger.java:59)
	at com.sun.proxy.$Proxy81.execute(Unknown Source)
	at org.apache.ibatis.executor.statement.PreparedStatementHandler.update(PreparedStatementHandler.java:47)
	at org.apache.ibatis.executor.statement.RoutingStatementHandler.update(RoutingStatementHandler.java:74)
	at org.apache.ibatis.executor.SimpleExecutor.doUpdate(SimpleExecutor.java:50)
	at org.apache.ibatis.executor.BaseExecutor.update(BaseExecutor.java:117)
	at org.apache.ibatis.executor.CachingExecutor.update(CachingExecutor.java:76)
	at org.apache.ibatis.session.defaults.DefaultSqlSession.update(DefaultSqlSession.java:197)
	at org.apache.ibatis.session.defaults.DefaultSqlSession.insert(DefaultSqlSession.java:184)
	at sun.reflect.NativeMethodAccessorImpl.invoke0(Native Method)
	at sun.reflect.NativeMethodAccessorImpl.invoke(NativeMethodAccessorImpl.java:62)
	at sun.reflect.DelegatingMethodAccessorImpl.invoke(DelegatingMethodAccessorImpl.java:43)
	at java.lang.reflect.Method.invoke(Method.java:498)
	at org.mybatis.spring.SqlSessionTemplate$SqlSessionInterceptor.invoke(SqlSessionTemplate.java:427)
	... 58 more
 
2021-04-18 13:16:36 [http-nio-8080-exec-8] DEBUG c.i.backend.mapper.ReportMapper.add : 
 ==>  Preparing: insert into inspection(id, moduleID,floor,drawingID,taskID,inspValues) values (?,?,?,?,?,?) 
2021-04-18 13:16:36 [http-nio-8080-exec-8] DEBUG c.i.backend.mapper.ReportMapper.add : 
 ==> Parameters: null, M1S1(String), 3/F(String), null, 1(Integer), Floor Beam|RHS120A|D|3365||YG|S/NS|(String) 
2021-04-18 13:16:36 [http-nio-8080-exec-8] DEBUG c.i.backend.mapper.ReportMapper.add : 
 <==    Updates: 1 
2021-04-18 13:34:47 [http-nio-8080-exec-3] DEBUG c.i.b.m.R.listReportByTaskID : 
 ==>  Preparing: select * from inspection WHERE taskID=? 
2021-04-18 13:34:47 [http-nio-8080-exec-3] DEBUG c.i.b.m.R.listReportByTaskID : 
 ==> Parameters: 1(Integer) 
2021-04-18 13:34:47 [http-nio-8080-exec-3] DEBUG c.i.b.m.R.listReportByTaskID : 
 <==      Total: 9 
2021-04-18 13:59:57 [http-nio-8080-exec-5] DEBUG c.i.backend.mapper.ReportMapper.add : 
 ==>  Preparing: insert into inspection(id, moduleID,floor,drawingID,taskID,inspValues) values (?,?,?,?,?,?) 
2021-04-18 13:59:57 [http-nio-8080-exec-5] DEBUG c.i.backend.mapper.ReportMapper.add : 
 ==> Parameters: null, M1S1(String), 3/F(String), null, 1(Integer), Floor Beam|RHS120A|D|3365||YG|S/NS|(String) 
2021-04-18 13:59:57 [http-nio-8080-exec-5] DEBUG c.i.backend.mapper.ReportMapper.add : 
 <==    Updates: 1 
2021-04-18 13:59:59 [http-nio-8080-exec-6] DEBUG c.i.b.m.R.listReportByTaskID : 
 ==>  Preparing: select * from inspection WHERE taskID=? 
2021-04-18 13:59:59 [http-nio-8080-exec-6] DEBUG c.i.b.m.R.listReportByTaskID : 
 ==> Parameters: 1(Integer) 
2021-04-18 13:59:59 [http-nio-8080-exec-6] DEBUG c.i.b.m.R.listReportByTaskID : 
 <==      Total: 7 
2021-04-18 14:00:09 [restartedMain] INFO  com.itf.backend.DemoApplication : 
 Starting DemoApplication using Java 1.8.0_275 on DESKTOP-D4T0GAH with PID 20372 (E:\Working\SpringBoot\spring-boot-backend\target\classes started by Jeremy in E:\Working\SpringBoot\spring-boot-backend) 
2021-04-18 14:00:09 [restartedMain] DEBUG com.itf.backend.DemoApplication : 
 Running with Spring Boot v2.4.4, Spring v5.3.5 
2021-04-18 14:00:09 [restartedMain] INFO  com.itf.backend.DemoApplication : 
 No active profile set, falling back to default profiles: default 
2021-04-18 14:00:10 [restartedMain] INFO  com.itf.backend.DemoApplication : 
 Started DemoApplication in 1.317 seconds (JVM running for 2.043) 
2021-04-18 14:00:11 [http-nio-8080-exec-1] DEBUG c.i.b.m.R.listReportByTaskID : 
 ==>  Preparing: select * from inspection WHERE taskID=? 
2021-04-18 14:00:11 [http-nio-8080-exec-1] DEBUG c.i.b.m.R.listReportByTaskID : 
 ==> Parameters: 1(Integer) 
2021-04-18 14:00:11 [http-nio-8080-exec-1] DEBUG c.i.b.m.R.listReportByTaskID : 
 <==      Total: 7 
2021-04-18 15:07:53 [restartedMain] INFO  com.itf.backend.DemoApplication : 
 Starting DemoApplication using Java 1.8.0_275 on DESKTOP-D4T0GAH with PID 3656 (E:\Working\SpringBoot\spring-boot-backend\target\classes started by Jeremy in E:\Working\SpringBoot\spring-boot-backend) 
2021-04-18 15:07:53 [restartedMain] DEBUG com.itf.backend.DemoApplication : 
 Running with Spring Boot v2.4.4, Spring v5.3.5 
2021-04-18 15:07:53 [restartedMain] INFO  com.itf.backend.DemoApplication : 
 No active profile set, falling back to default profiles: default 
2021-04-18 15:07:54 [restartedMain] INFO  com.itf.backend.DemoApplication : 
 Started DemoApplication in 1.319 seconds (JVM running for 1.746) 
2021-04-18 15:08:25 [restartedMain] INFO  com.itf.backend.DemoApplication : 
 Starting DemoApplication using Java 1.8.0_275 on DESKTOP-D4T0GAH with PID 18728 (E:\Working\SpringBoot\spring-boot-backend\target\classes started by Jeremy in E:\Working\SpringBoot\spring-boot-backend) 
2021-04-18 15:08:25 [restartedMain] DEBUG com.itf.backend.DemoApplication : 
 Running with Spring Boot v2.4.4, Spring v5.3.5 
2021-04-18 15:08:25 [restartedMain] INFO  com.itf.backend.DemoApplication : 
 No active profile set, falling back to default profiles: default 
2021-04-18 15:08:26 [restartedMain] INFO  com.itf.backend.DemoApplication : 
 Started DemoApplication in 1.273 seconds (JVM running for 1.703) 
2021-04-18 15:12:53 [restartedMain] INFO  com.itf.backend.DemoApplication : 
 Starting DemoApplication using Java 1.8.0_275 on DESKTOP-D4T0GAH with PID 20324 (E:\Working\SpringBoot\spring-boot-backend\target\classes started by Jeremy in E:\Working\SpringBoot\spring-boot-backend) 
2021-04-18 15:12:53 [restartedMain] DEBUG com.itf.backend.DemoApplication : 
 Running with Spring Boot v2.4.4, Spring v5.3.5 
2021-04-18 15:12:53 [restartedMain] INFO  com.itf.backend.DemoApplication : 
 No active profile set, falling back to default profiles: default 
2021-04-18 15:12:54 [restartedMain] INFO  com.itf.backend.DemoApplication : 
 Started DemoApplication in 1.291 seconds (JVM running for 1.727) 
2021-04-18 15:13:43 [http-nio-8080-exec-5] ERROR c.i.b.config.GlobalExceptionHandler : 
 org.mybatis.spring.MyBatisSystemException: nested exception is org.apache.ibatis.reflection.ReflectionException: There is no getter for property named 'taskID' in 'class com.itf.backend.model.TaskUIMaterials'
	at org.mybatis.spring.MyBatisExceptionTranslator.translateExceptionIfPossible(MyBatisExceptionTranslator.java:96)
	at org.mybatis.spring.SqlSessionTemplate$SqlSessionInterceptor.invoke(SqlSessionTemplate.java:441)
	at com.sun.proxy.$Proxy59.selectList(Unknown Source)
	at org.mybatis.spring.SqlSessionTemplate.selectList(SqlSessionTemplate.java:224)
	at org.apache.ibatis.binding.MapperMethod.executeForMany(MapperMethod.java:147)
	at org.apache.ibatis.binding.MapperMethod.execute(MapperMethod.java:80)
	at org.apache.ibatis.binding.MapperProxy$PlainMethodInvoker.invoke(MapperProxy.java:152)
	at org.apache.ibatis.binding.MapperProxy.invoke(MapperProxy.java:85)
	at com.sun.proxy.$Proxy68.listTaskUIMateByTaskID(Unknown Source)
	at com.itf.backend.service.TaskUIServices.listTaskUIMateByTaskID(TaskUIServices.java:28)
	at com.itf.backend.api.TaskUIApi.listTaskUIMateByTaskID(TaskUIApi.java:21)
	at sun.reflect.NativeMethodAccessorImpl.invoke0(Native Method)
	at sun.reflect.NativeMethodAccessorImpl.invoke(NativeMethodAccessorImpl.java:62)
	at sun.reflect.DelegatingMethodAccessorImpl.invoke(DelegatingMethodAccessorImpl.java:43)
	at java.lang.reflect.Method.invoke(Method.java:498)
	at org.springframework.web.method.support.InvocableHandlerMethod.doInvoke(InvocableHandlerMethod.java:197)
	at org.springframework.web.method.support.InvocableHandlerMethod.invokeForRequest(InvocableHandlerMethod.java:141)
	at org.springframework.web.servlet.mvc.method.annotation.ServletInvocableHandlerMethod.invokeAndHandle(ServletInvocableHandlerMethod.java:106)
	at org.springframework.web.servlet.mvc.method.annotation.RequestMappingHandlerAdapter.invokeHandlerMethod(RequestMappingHandlerAdapter.java:894)
	at org.springframework.web.servlet.mvc.method.annotation.RequestMappingHandlerAdapter.handleInternal(RequestMappingHandlerAdapter.java:808)
	at org.springframework.web.servlet.mvc.method.AbstractHandlerMethodAdapter.handle(AbstractHandlerMethodAdapter.java:87)
	at org.springframework.web.servlet.DispatcherServlet.doDispatch(DispatcherServlet.java:1060)
	at org.springframework.web.servlet.DispatcherServlet.doService(DispatcherServlet.java:962)
	at org.springframework.web.servlet.FrameworkServlet.processRequest(FrameworkServlet.java:1006)
	at org.springframework.web.servlet.FrameworkServlet.doGet(FrameworkServlet.java:898)
	at javax.servlet.http.HttpServlet.service(HttpServlet.java:626)
	at org.springframework.web.servlet.FrameworkServlet.service(FrameworkServlet.java:883)
	at javax.servlet.http.HttpServlet.service(HttpServlet.java:733)
	at org.apache.catalina.core.ApplicationFilterChain.internalDoFilter(ApplicationFilterChain.java:227)
	at org.apache.catalina.core.ApplicationFilterChain.doFilter(ApplicationFilterChain.java:162)
	at org.apache.tomcat.websocket.server.WsFilter.doFilter(WsFilter.java:53)
	at org.apache.catalina.core.ApplicationFilterChain.internalDoFilter(ApplicationFilterChain.java:189)
	at org.apache.catalina.core.ApplicationFilterChain.doFilter(ApplicationFilterChain.java:162)
	at org.springframework.web.filter.RequestContextFilter.doFilterInternal(RequestContextFilter.java:100)
	at org.springframework.web.filter.OncePerRequestFilter.doFilter(OncePerRequestFilter.java:119)
	at org.apache.catalina.core.ApplicationFilterChain.internalDoFilter(ApplicationFilterChain.java:189)
	at org.apache.catalina.core.ApplicationFilterChain.doFilter(ApplicationFilterChain.java:162)
	at org.springframework.web.filter.FormContentFilter.doFilterInternal(FormContentFilter.java:93)
	at org.springframework.web.filter.OncePerRequestFilter.doFilter(OncePerRequestFilter.java:119)
	at org.apache.catalina.core.ApplicationFilterChain.internalDoFilter(ApplicationFilterChain.java:189)
	at org.apache.catalina.core.ApplicationFilterChain.doFilter(ApplicationFilterChain.java:162)
	at org.springframework.web.filter.CharacterEncodingFilter.doFilterInternal(CharacterEncodingFilter.java:201)
	at org.springframework.web.filter.OncePerRequestFilter.doFilter(OncePerRequestFilter.java:119)
	at org.apache.catalina.core.ApplicationFilterChain.internalDoFilter(ApplicationFilterChain.java:189)
	at org.apache.catalina.core.ApplicationFilterChain.doFilter(ApplicationFilterChain.java:162)
	at org.apache.catalina.core.StandardWrapperValve.invoke(StandardWrapperValve.java:202)
	at org.apache.catalina.core.StandardContextValve.invoke(StandardContextValve.java:97)
	at org.apache.catalina.authenticator.AuthenticatorBase.invoke(AuthenticatorBase.java:542)
	at org.apache.catalina.core.StandardHostValve.invoke(StandardHostValve.java:143)
	at org.apache.catalina.valves.ErrorReportValve.invoke(ErrorReportValve.java:92)
	at org.apache.catalina.core.StandardEngineValve.invoke(StandardEngineValve.java:78)
	at org.apache.catalina.connector.CoyoteAdapter.service(CoyoteAdapter.java:357)
	at org.apache.coyote.http11.Http11Processor.service(Http11Processor.java:374)
	at org.apache.coyote.AbstractProcessorLight.process(AbstractProcessorLight.java:65)
	at org.apache.coyote.AbstractProtocol$ConnectionHandler.process(AbstractProtocol.java:893)
	at org.apache.tomcat.util.net.NioEndpoint$SocketProcessor.doRun(NioEndpoint.java:1707)
	at org.apache.tomcat.util.net.SocketProcessorBase.run(SocketProcessorBase.java:49)
	at java.util.concurrent.ThreadPoolExecutor.runWorker(ThreadPoolExecutor.java:1149)
	at java.util.concurrent.ThreadPoolExecutor$Worker.run(ThreadPoolExecutor.java:624)
	at org.apache.tomcat.util.threads.TaskThread$WrappingRunnable.run(TaskThread.java:61)
	at java.lang.Thread.run(Thread.java:748)
Caused by: org.apache.ibatis.reflection.ReflectionException: There is no getter for property named 'taskID' in 'class com.itf.backend.model.TaskUIMaterials'
	at org.apache.ibatis.reflection.Reflector.getGetInvoker(Reflector.java:374)
	at org.apache.ibatis.reflection.MetaClass.getGetInvoker(MetaClass.java:164)
	at org.apache.ibatis.reflection.wrapper.BeanWrapper.getBeanProperty(BeanWrapper.java:162)
	at org.apache.ibatis.reflection.wrapper.BeanWrapper.get(BeanWrapper.java:49)
	at org.apache.ibatis.reflection.MetaObject.getValue(MetaObject.java:122)
	at org.apache.ibatis.scripting.xmltags.DynamicContext$ContextMap.get(DynamicContext.java:102)
	at org.apache.ibatis.scripting.xmltags.DynamicContext$ContextAccessor.getProperty(DynamicContext.java:113)
	at org.apache.ibatis.ognl.OgnlRuntime.getProperty(OgnlRuntime.java:3338)
	at org.apache.ibatis.ognl.ASTProperty.getValueBody(ASTProperty.java:121)
	at org.apache.ibatis.ognl.SimpleNode.evaluateGetValueBody(SimpleNode.java:212)
	at org.apache.ibatis.ognl.SimpleNode.getValue(SimpleNode.java:258)
	at org.apache.ibatis.ognl.ASTNotEq.getValueBody(ASTNotEq.java:50)
	at org.apache.ibatis.ognl.SimpleNode.evaluateGetValueBody(SimpleNode.java:212)
	at org.apache.ibatis.ognl.SimpleNode.getValue(SimpleNode.java:258)
	at org.apache.ibatis.ognl.Ognl.getValue(Ognl.java:560)
	at org.apache.ibatis.ognl.Ognl.getValue(Ognl.java:524)
	at org.apache.ibatis.scripting.xmltags.OgnlCache.getValue(OgnlCache.java:46)
	at org.apache.ibatis.scripting.xmltags.ExpressionEvaluator.evaluateBoolean(ExpressionEvaluator.java:32)
	at org.apache.ibatis.scripting.xmltags.IfSqlNode.apply(IfSqlNode.java:34)
	at org.apache.ibatis.scripting.xmltags.MixedSqlNode.lambda$apply$0(MixedSqlNode.java:32)
	at java.util.ArrayList.forEach(ArrayList.java:1259)
	at org.apache.ibatis.scripting.xmltags.MixedSqlNode.apply(MixedSqlNode.java:32)
	at org.apache.ibatis.scripting.xmltags.TrimSqlNode.apply(TrimSqlNode.java:55)
	at org.apache.ibatis.scripting.xmltags.MixedSqlNode.lambda$apply$0(MixedSqlNode.java:32)
	at java.util.ArrayList.forEach(ArrayList.java:1259)
	at org.apache.ibatis.scripting.xmltags.MixedSqlNode.apply(MixedSqlNode.java:32)
	at org.apache.ibatis.scripting.xmltags.DynamicSqlSource.getBoundSql(DynamicSqlSource.java:39)
	at org.apache.ibatis.mapping.MappedStatement.getBoundSql(MappedStatement.java:305)
	at org.apache.ibatis.executor.CachingExecutor.query(CachingExecutor.java:87)
	at org.apache.ibatis.session.defaults.DefaultSqlSession.selectList(DefaultSqlSession.java:147)
	at org.apache.ibatis.session.defaults.DefaultSqlSession.selectList(DefaultSqlSession.java:140)
	at sun.reflect.NativeMethodAccessorImpl.invoke0(Native Method)
	at sun.reflect.NativeMethodAccessorImpl.invoke(NativeMethodAccessorImpl.java:62)
	at sun.reflect.DelegatingMethodAccessorImpl.invoke(DelegatingMethodAccessorImpl.java:43)
	at java.lang.reflect.Method.invoke(Method.java:498)
	at org.mybatis.spring.SqlSessionTemplate$SqlSessionInterceptor.invoke(SqlSessionTemplate.java:427)
	... 59 more
 
2021-04-18 15:14:17 [restartedMain] INFO  com.itf.backend.DemoApplication : 
 Starting DemoApplication using Java 1.8.0_275 on DESKTOP-D4T0GAH with PID 22324 (E:\Working\SpringBoot\spring-boot-backend\target\classes started by Jeremy in E:\Working\SpringBoot\spring-boot-backend) 
2021-04-18 15:14:17 [restartedMain] DEBUG com.itf.backend.DemoApplication : 
 Running with Spring Boot v2.4.4, Spring v5.3.5 
2021-04-18 15:14:17 [restartedMain] INFO  com.itf.backend.DemoApplication : 
 No active profile set, falling back to default profiles: default 
2021-04-18 15:14:18 [restartedMain] INFO  com.itf.backend.DemoApplication : 
 Started DemoApplication in 1.274 seconds (JVM running for 1.736) 
2021-04-18 15:14:21 [http-nio-8080-exec-1] DEBUG c.i.b.m.T.listTaskUIMateByTaskID : 
 ==>  Preparing: select * from task_ui_materials 
2021-04-18 15:14:21 [http-nio-8080-exec-1] DEBUG c.i.b.m.T.listTaskUIMateByTaskID : 
 ==> Parameters:  
2021-04-18 15:14:21 [http-nio-8080-exec-1] DEBUG c.i.b.m.T.listTaskUIMateByTaskID : 
 <==      Total: 13 
2021-04-18 15:17:51 [restartedMain] INFO  com.itf.backend.DemoApplication : 
 Starting DemoApplication using Java 1.8.0_275 on DESKTOP-D4T0GAH with PID 6132 (E:\Working\SpringBoot\spring-boot-backend\target\classes started by Jeremy in E:\Working\SpringBoot\spring-boot-backend) 
2021-04-18 15:17:51 [restartedMain] DEBUG com.itf.backend.DemoApplication : 
 Running with Spring Boot v2.4.4, Spring v5.3.5 
2021-04-18 15:17:51 [restartedMain] INFO  com.itf.backend.DemoApplication : 
 No active profile set, falling back to default profiles: default 
2021-04-18 15:17:52 [restartedMain] INFO  com.itf.backend.DemoApplication : 
 Started DemoApplication in 1.347 seconds (JVM running for 1.834) 
2021-04-18 15:17:55 [http-nio-8080-exec-1] DEBUG c.i.b.m.T.listTaskUIMateByTaskID : 
 ==>  Preparing: select * from task_ui_materials 
2021-04-18 15:17:55 [http-nio-8080-exec-1] DEBUG c.i.b.m.T.listTaskUIMateByTaskID : 
 ==> Parameters:  
2021-04-18 15:17:55 [http-nio-8080-exec-1] DEBUG c.i.b.m.T.listTaskUIMateByTaskID : 
 <==      Total: 13 
2021-04-18 15:19:07 [restartedMain] INFO  com.itf.backend.DemoApplication : 
 Starting DemoApplication using Java 1.8.0_275 on DESKTOP-D4T0GAH with PID 3716 (E:\Working\SpringBoot\spring-boot-backend\target\classes started by Jeremy in E:\Working\SpringBoot\spring-boot-backend) 
2021-04-18 15:19:07 [restartedMain] DEBUG com.itf.backend.DemoApplication : 
 Running with Spring Boot v2.4.4, Spring v5.3.5 
2021-04-18 15:19:07 [restartedMain] INFO  com.itf.backend.DemoApplication : 
 No active profile set, falling back to default profiles: default 
2021-04-18 15:19:08 [restartedMain] INFO  com.itf.backend.DemoApplication : 
 Started DemoApplication in 1.295 seconds (JVM running for 1.732) 
2021-04-18 15:19:16 [http-nio-8080-exec-1] DEBUG c.i.b.m.T.listTaskUIMateByTaskID : 
 ==>  Preparing: select * from task_ui_materials 
2021-04-18 15:19:16 [http-nio-8080-exec-1] DEBUG c.i.b.m.T.listTaskUIMateByTaskID : 
 ==> Parameters:  
2021-04-18 15:19:16 [http-nio-8080-exec-1] DEBUG c.i.b.m.T.listTaskUIMateByTaskID : 
 <==      Total: 13 
2021-04-18 15:22:48 [http-nio-8080-exec-5] DEBUG c.i.b.mapper.UserMapper.findOne : 
 ==>  Preparing: select * from user WHERE id=? 
2021-04-18 15:22:48 [http-nio-8080-exec-5] DEBUG c.i.b.mapper.UserMapper.findOne : 
 ==> Parameters: 1(Integer) 
2021-04-18 15:22:48 [http-nio-8080-exec-5] DEBUG c.i.b.mapper.UserMapper.findOne : 
 <==      Total: 1 
2021-04-18 15:22:51 [http-nio-8080-exec-7] DEBUG c.i.b.mapper.UserMapper.findOne : 
 ==>  Preparing: select * from user WHERE id=? 
2021-04-18 15:22:51 [http-nio-8080-exec-7] DEBUG c.i.b.mapper.UserMapper.findOne : 
 ==> Parameters: 1(Integer) 
2021-04-18 15:22:51 [http-nio-8080-exec-7] DEBUG c.i.b.mapper.UserMapper.findOne : 
 <==      Total: 1 
2021-04-18 15:22:52 [http-nio-8080-exec-6] DEBUG c.i.b.mapper.UserMapper.findOne : 
 ==>  Preparing: select * from user WHERE id=? 
2021-04-18 15:22:52 [http-nio-8080-exec-6] DEBUG c.i.b.mapper.UserMapper.findOne : 
 ==> Parameters: 1(Integer) 
2021-04-18 15:22:52 [http-nio-8080-exec-6] DEBUG c.i.b.mapper.UserMapper.findOne : 
 <==      Total: 1 
2021-04-18 15:22:52 [http-nio-8080-exec-4] DEBUG c.i.b.mapper.UserMapper.findOne : 
 ==>  Preparing: select * from user WHERE id=? 
2021-04-18 15:22:52 [http-nio-8080-exec-4] DEBUG c.i.b.mapper.UserMapper.findOne : 
 ==> Parameters: 1(Integer) 
2021-04-18 15:22:52 [http-nio-8080-exec-4] DEBUG c.i.b.mapper.UserMapper.findOne : 
 <==      Total: 1 
2021-04-18 15:22:53 [http-nio-8080-exec-8] DEBUG c.i.b.mapper.UserMapper.findOne : 
 ==>  Preparing: select * from user WHERE id=? 
2021-04-18 15:22:53 [http-nio-8080-exec-8] DEBUG c.i.b.mapper.UserMapper.findOne : 
 ==> Parameters: 1(Integer) 
2021-04-18 15:22:53 [http-nio-8080-exec-8] DEBUG c.i.b.mapper.UserMapper.findOne : 
 <==      Total: 1 
2021-04-18 15:23:06 [http-nio-8080-exec-5] DEBUG c.i.b.mapper.UserMapper.findOne : 
 ==>  Preparing: select * from user WHERE name=? 
2021-04-18 15:23:06 [http-nio-8080-exec-5] DEBUG c.i.b.mapper.UserMapper.findOne : 
 ==> Parameters: jeremy(String) 
2021-04-18 15:23:06 [http-nio-8080-exec-5] DEBUG c.i.b.mapper.UserMapper.findOne : 
 <==      Total: 1 
2021-04-18 15:23:06 [http-nio-8080-exec-7] DEBUG c.i.b.mapper.UserMapper.findOne : 
 ==>  Preparing: select * from user WHERE id=? 
2021-04-18 15:23:06 [http-nio-8080-exec-7] DEBUG c.i.b.mapper.UserMapper.findOne : 
 ==> Parameters: 1(Integer) 
2021-04-18 15:23:06 [http-nio-8080-exec-7] DEBUG c.i.b.mapper.UserMapper.findOne : 
 <==      Total: 1 
2021-04-18 15:23:06 [http-nio-8080-exec-3] DEBUG c.i.b.mapper.UserMapper.findOne : 
 ==>  Preparing: select * from user WHERE id=? 
2021-04-18 15:23:06 [http-nio-8080-exec-3] DEBUG c.i.b.mapper.UserMapper.findOne : 
 ==> Parameters: 1(Integer) 
2021-04-18 15:23:06 [http-nio-8080-exec-3] DEBUG c.i.b.mapper.UserMapper.findOne : 
 <==      Total: 1 
2021-04-18 15:23:12 [http-nio-8080-exec-9] DEBUG c.i.b.mapper.UserMapper.findOne : 
 ==>  Preparing: select * from user WHERE id=? 
2021-04-18 15:23:12 [http-nio-8080-exec-9] DEBUG c.i.b.mapper.UserMapper.findOne : 
 ==> Parameters: 1(Integer) 
2021-04-18 15:23:12 [http-nio-8080-exec-9] DEBUG c.i.b.mapper.UserMapper.findOne : 
 <==      Total: 1 
2021-04-18 15:23:12 [http-nio-8080-exec-10] DEBUG c.i.b.mapper.UserMapper.findOne : 
 ==>  Preparing: select * from user WHERE id=? 
2021-04-18 15:23:12 [http-nio-8080-exec-10] DEBUG c.i.b.mapper.UserMapper.findOne : 
 ==> Parameters: 1(Integer) 
2021-04-18 15:23:12 [http-nio-8080-exec-10] DEBUG c.i.b.mapper.UserMapper.findOne : 
 <==      Total: 1 
2021-04-18 15:23:38 [http-nio-8080-exec-5] DEBUG c.i.b.mapper.UserMapper.findOne : 
 ==>  Preparing: select * from user WHERE id=? 
2021-04-18 15:23:38 [http-nio-8080-exec-5] DEBUG c.i.b.mapper.UserMapper.findOne : 
 ==> Parameters: 1(Integer) 
2021-04-18 15:23:38 [http-nio-8080-exec-5] DEBUG c.i.b.mapper.UserMapper.findOne : 
 <==      Total: 1 
2021-04-18 15:23:40 [http-nio-8080-exec-7] DEBUG c.i.b.mapper.UserMapper.findOne : 
 ==>  Preparing: select * from user WHERE id=? 
2021-04-18 15:23:40 [http-nio-8080-exec-7] DEBUG c.i.b.mapper.UserMapper.findOne : 
 ==> Parameters: 1(Integer) 
2021-04-18 15:23:40 [http-nio-8080-exec-7] DEBUG c.i.b.mapper.UserMapper.findOne : 
 <==      Total: 1 
2021-04-18 15:23:40 [http-nio-8080-exec-3] DEBUG c.i.b.mapper.UserMapper.findOne : 
 ==>  Preparing: select * from user WHERE id=? 
2021-04-18 15:23:40 [http-nio-8080-exec-3] DEBUG c.i.b.mapper.UserMapper.findOne : 
 ==> Parameters: 1(Integer) 
2021-04-18 15:23:40 [http-nio-8080-exec-3] DEBUG c.i.b.mapper.UserMapper.findOne : 
 <==      Total: 1 
2021-04-18 15:23:43 [http-nio-8080-exec-4] DEBUG c.i.b.mapper.UserMapper.findOne : 
 ==>  Preparing: select * from user WHERE id=? 
2021-04-18 15:23:43 [http-nio-8080-exec-4] DEBUG c.i.b.mapper.UserMapper.findOne : 
 ==> Parameters: 1(Integer) 
2021-04-18 15:23:43 [http-nio-8080-exec-4] DEBUG c.i.b.mapper.UserMapper.findOne : 
 <==      Total: 1 
2021-04-18 15:34:31 [http-nio-8080-exec-1] DEBUG c.i.b.mapper.UserMapper.findOne : 
 ==>  Preparing: select * from user WHERE name=? 
2021-04-18 15:34:31 [http-nio-8080-exec-1] DEBUG c.i.b.mapper.UserMapper.findOne : 
 ==> Parameters: jeremy(String) 
2021-04-18 15:34:31 [http-nio-8080-exec-1] DEBUG c.i.b.mapper.UserMapper.findOne : 
 <==      Total: 1 
2021-04-18 15:34:31 [http-nio-8080-exec-2] DEBUG c.i.b.mapper.UserMapper.findOne : 
 ==>  Preparing: select * from user WHERE id=? 
2021-04-18 15:34:31 [http-nio-8080-exec-2] DEBUG c.i.b.mapper.UserMapper.findOne : 
 ==> Parameters: 1(Integer) 
2021-04-18 15:34:31 [http-nio-8080-exec-2] DEBUG c.i.b.mapper.UserMapper.findOne : 
 <==      Total: 1 
2021-04-18 15:34:31 [http-nio-8080-exec-5] ERROR c.i.b.config.GlobalExceptionHandler : 
 org.springframework.web.HttpRequestMethodNotSupportedException: Request method 'POST' not supported
	at org.springframework.web.servlet.mvc.method.RequestMappingInfoHandlerMapping.handleNoMatch(RequestMappingInfoHandlerMapping.java:250)
	at org.springframework.web.servlet.handler.AbstractHandlerMethodMapping.lookupHandlerMethod(AbstractHandlerMethodMapping.java:435)
	at org.springframework.web.servlet.handler.AbstractHandlerMethodMapping.getHandlerInternal(AbstractHandlerMethodMapping.java:376)
	at org.springframework.web.servlet.mvc.method.RequestMappingInfoHandlerMapping.getHandlerInternal(RequestMappingInfoHandlerMapping.java:123)
	at org.springframework.web.servlet.mvc.method.RequestMappingInfoHandlerMapping.getHandlerInternal(RequestMappingInfoHandlerMapping.java:66)
	at org.springframework.web.servlet.handler.AbstractHandlerMapping.getHandler(AbstractHandlerMapping.java:498)
	at org.springframework.web.servlet.DispatcherServlet.getHandler(DispatcherServlet.java:1254)
	at org.springframework.web.servlet.DispatcherServlet.doDispatch(DispatcherServlet.java:1036)
	at org.springframework.web.servlet.DispatcherServlet.doService(DispatcherServlet.java:962)
	at org.springframework.web.servlet.FrameworkServlet.processRequest(FrameworkServlet.java:1006)
	at org.springframework.web.servlet.FrameworkServlet.doPost(FrameworkServlet.java:909)
	at javax.servlet.http.HttpServlet.service(HttpServlet.java:652)
	at org.springframework.web.servlet.FrameworkServlet.service(FrameworkServlet.java:883)
	at javax.servlet.http.HttpServlet.service(HttpServlet.java:733)
	at org.apache.catalina.core.ApplicationFilterChain.internalDoFilter(ApplicationFilterChain.java:227)
	at org.apache.catalina.core.ApplicationFilterChain.doFilter(ApplicationFilterChain.java:162)
	at org.apache.tomcat.websocket.server.WsFilter.doFilter(WsFilter.java:53)
	at org.apache.catalina.core.ApplicationFilterChain.internalDoFilter(ApplicationFilterChain.java:189)
	at org.apache.catalina.core.ApplicationFilterChain.doFilter(ApplicationFilterChain.java:162)
	at org.springframework.web.filter.RequestContextFilter.doFilterInternal(RequestContextFilter.java:100)
	at org.springframework.web.filter.OncePerRequestFilter.doFilter(OncePerRequestFilter.java:119)
	at org.apache.catalina.core.ApplicationFilterChain.internalDoFilter(ApplicationFilterChain.java:189)
	at org.apache.catalina.core.ApplicationFilterChain.doFilter(ApplicationFilterChain.java:162)
	at org.springframework.web.filter.FormContentFilter.doFilterInternal(FormContentFilter.java:93)
	at org.springframework.web.filter.OncePerRequestFilter.doFilter(OncePerRequestFilter.java:119)
	at org.apache.catalina.core.ApplicationFilterChain.internalDoFilter(ApplicationFilterChain.java:189)
	at org.apache.catalina.core.ApplicationFilterChain.doFilter(ApplicationFilterChain.java:162)
	at org.springframework.web.filter.CharacterEncodingFilter.doFilterInternal(CharacterEncodingFilter.java:201)
	at org.springframework.web.filter.OncePerRequestFilter.doFilter(OncePerRequestFilter.java:119)
	at org.apache.catalina.core.ApplicationFilterChain.internalDoFilter(ApplicationFilterChain.java:189)
	at org.apache.catalina.core.ApplicationFilterChain.doFilter(ApplicationFilterChain.java:162)
	at org.apache.catalina.core.StandardWrapperValve.invoke(StandardWrapperValve.java:202)
	at org.apache.catalina.core.StandardContextValve.invoke(StandardContextValve.java:97)
	at org.apache.catalina.authenticator.AuthenticatorBase.invoke(AuthenticatorBase.java:542)
	at org.apache.catalina.core.StandardHostValve.invoke(StandardHostValve.java:143)
	at org.apache.catalina.valves.ErrorReportValve.invoke(ErrorReportValve.java:92)
	at org.apache.catalina.core.StandardEngineValve.invoke(StandardEngineValve.java:78)
	at org.apache.catalina.connector.CoyoteAdapter.service(CoyoteAdapter.java:357)
	at org.apache.coyote.http11.Http11Processor.service(Http11Processor.java:374)
	at org.apache.coyote.AbstractProcessorLight.process(AbstractProcessorLight.java:65)
	at org.apache.coyote.AbstractProtocol$ConnectionHandler.process(AbstractProtocol.java:893)
	at org.apache.tomcat.util.net.NioEndpoint$SocketProcessor.doRun(NioEndpoint.java:1707)
	at org.apache.tomcat.util.net.SocketProcessorBase.run(SocketProcessorBase.java:49)
	at java.util.concurrent.ThreadPoolExecutor.runWorker(ThreadPoolExecutor.java:1149)
	at java.util.concurrent.ThreadPoolExecutor$Worker.run(ThreadPoolExecutor.java:624)
	at org.apache.tomcat.util.threads.TaskThread$WrappingRunnable.run(TaskThread.java:61)
	at java.lang.Thread.run(Thread.java:748)
 
2021-04-18 15:34:31 [http-nio-8080-exec-7] DEBUG c.i.b.mapper.UserMapper.findOne : 
 ==>  Preparing: select * from user WHERE id=? 
2021-04-18 15:34:31 [http-nio-8080-exec-7] DEBUG c.i.b.mapper.UserMapper.findOne : 
 ==> Parameters: 1(Integer) 
2021-04-18 15:34:31 [http-nio-8080-exec-7] DEBUG c.i.b.mapper.UserMapper.findOne : 
 <==      Total: 1 
2021-04-18 15:34:56 [http-nio-8080-exec-8] DEBUG c.i.b.mapper.UserMapper.findOne : 
 ==>  Preparing: select * from user WHERE id=? 
2021-04-18 15:34:56 [http-nio-8080-exec-8] DEBUG c.i.b.mapper.UserMapper.findOne : 
 ==> Parameters: 1(Integer) 
2021-04-18 15:34:56 [http-nio-8080-exec-8] DEBUG c.i.b.mapper.UserMapper.findOne : 
 <==      Total: 1 
2021-04-18 15:35:12 [http-nio-8080-exec-10] DEBUG c.i.b.mapper.UserMapper.findOne : 
 ==>  Preparing: select * from user WHERE name=? 
2021-04-18 15:35:12 [http-nio-8080-exec-10] DEBUG c.i.b.mapper.UserMapper.findOne : 
 ==> Parameters: jeremy(String) 
2021-04-18 15:35:12 [http-nio-8080-exec-10] DEBUG c.i.b.mapper.UserMapper.findOne : 
 <==      Total: 1 
2021-04-18 15:35:12 [http-nio-8080-exec-2] DEBUG c.i.b.mapper.UserMapper.findOne : 
 ==>  Preparing: select * from user WHERE id=? 
2021-04-18 15:35:12 [http-nio-8080-exec-2] DEBUG c.i.b.mapper.UserMapper.findOne : 
 ==> Parameters: 1(Integer) 
2021-04-18 15:35:12 [http-nio-8080-exec-1] DEBUG c.i.b.m.T.listTaskUIMateByTaskID : 
 ==>  Preparing: select * from task_ui_materials 
2021-04-18 15:35:12 [http-nio-8080-exec-1] DEBUG c.i.b.m.T.listTaskUIMateByTaskID : 
 ==> Parameters:  
2021-04-18 15:35:12 [http-nio-8080-exec-2] DEBUG c.i.b.mapper.UserMapper.findOne : 
 <==      Total: 1 
2021-04-18 15:35:12 [http-nio-8080-exec-1] DEBUG c.i.b.m.T.listTaskUIMateByTaskID : 
 <==      Total: 13 
2021-04-18 15:35:12 [http-nio-8080-exec-5] DEBUG c.i.b.mapper.UserMapper.findOne : 
 ==>  Preparing: select * from user WHERE id=? 
2021-04-18 15:35:12 [http-nio-8080-exec-5] DEBUG c.i.b.mapper.UserMapper.findOne : 
 ==> Parameters: 1(Integer) 
2021-04-18 15:35:12 [http-nio-8080-exec-5] DEBUG c.i.b.mapper.UserMapper.findOne : 
 <==      Total: 1 
2021-04-18 15:39:15 [http-nio-8080-exec-9] DEBUG c.i.b.m.T.listTaskUIMateByTaskID : 
 ==>  Preparing: select * from task_ui_materials 
2021-04-18 15:39:15 [http-nio-8080-exec-9] DEBUG c.i.b.m.T.listTaskUIMateByTaskID : 
 ==> Parameters:  
2021-04-18 15:39:15 [http-nio-8080-exec-9] DEBUG c.i.b.m.T.listTaskUIMateByTaskID : 
 <==      Total: 13 
