2021-04-08 15:18:21 [restartedMain] INFO  com.itf.backend.DemoApplication : 
 Starting DemoApplication using Java 1.8.0_275 on DESKTOP-D4T0GAH with PID 20808 (E:\Working\SpringBoot\spring-boot-backend\target\classes started by Jeremy in E:\Working\SpringBoot\spring-boot-backend) 
2021-04-08 15:18:21 [restartedMain] DEBUG com.itf.backend.DemoApplication : 
 Running with Spring Boot v2.4.4, Spring v5.3.5 
2021-04-08 15:18:21 [restartedMain] INFO  com.itf.backend.DemoApplication : 
 No active profile set, falling back to default profiles: default 
2021-04-08 15:18:22 [restartedMain] INFO  com.itf.backend.DemoApplication : 
 Started DemoApplication in 1.844 seconds (JVM running for 2.41) 
2021-04-08 15:20:15 [http-nio-8080-exec-1] DEBUG c.i.b.mapper.UserMapper.findOne : 
 ==>  Preparing: select * from user WHERE name=? 
2021-04-08 15:20:15 [http-nio-8080-exec-1] DEBUG c.i.b.mapper.UserMapper.findOne : 
 ==> Parameters: jeremy(String) 
2021-04-08 15:20:15 [http-nio-8080-exec-1] DEBUG c.i.b.mapper.UserMapper.findOne : 
 <==      Total: 1 
2021-04-08 15:27:45 [http-nio-8080-exec-7] DEBUG c.i.b.mapper.UserMapper.findOne : 
 ==>  Preparing: select * from user WHERE id=? 
2021-04-08 15:27:45 [http-nio-8080-exec-7] DEBUG c.i.b.mapper.UserMapper.findOne : 
 ==> Parameters: 1(Integer) 
2021-04-08 15:27:45 [http-nio-8080-exec-7] DEBUG c.i.b.mapper.UserMapper.findOne : 
 <==      Total: 1 
2021-04-08 15:27:45 [http-nio-8080-exec-7] DEBUG c.itf.backend.mapper.PostMapper.add : 
 ==>  Preparing: INSERT INTO post (author_id, title, content) VALUES (?, ?, ?); 
2021-04-08 15:27:45 [http-nio-8080-exec-7] DEBUG c.itf.backend.mapper.PostMapper.add : 
 ==> Parameters: 1(Integer), I am a title(String), just a test welcome to ilab hku(String) 
2021-04-08 15:27:45 [http-nio-8080-exec-7] DEBUG c.itf.backend.mapper.PostMapper.add : 
 <==    Updates: 1 
2021-04-08 15:27:45 [http-nio-8080-exec-7] DEBUG c.i.b.mapper.PostMapper.findOne : 
 ==>  Preparing: SELECT post.id, post.author_id , post.title , post.content , post.create_time, post.update_time, `user`.id as author__id, `user`.`name` as author__name FROM post LEFT JOIN `user` ON `user`.id=post.author_id WHERE post.id=? 
2021-04-08 15:27:45 [http-nio-8080-exec-7] DEBUG c.i.b.mapper.PostMapper.findOne : 
 ==> Parameters: 4(Integer) 
2021-04-08 15:27:45 [http-nio-8080-exec-7] DEBUG c.i.b.mapper.PostMapper.findOne : 
 <==      Total: 1 
2021-04-08 15:27:48 [http-nio-8080-exec-4] DEBUG c.i.b.mapper.UserMapper.findOne : 
 ==>  Preparing: select * from user WHERE name=? 
2021-04-08 15:27:48 [http-nio-8080-exec-4] DEBUG c.i.b.mapper.UserMapper.findOne : 
 ==> Parameters: jeremy(String) 
2021-04-08 15:27:48 [http-nio-8080-exec-4] DEBUG c.i.b.mapper.UserMapper.findOne : 
 <==      Total: 1 
2021-04-08 15:29:00 [http-nio-8080-exec-1] DEBUG c.i.b.mapper.UserMapper.findOne : 
 ==>  Preparing: select * from user WHERE id=? 
2021-04-08 15:29:00 [http-nio-8080-exec-1] DEBUG c.i.b.mapper.UserMapper.findOne : 
 ==> Parameters: 1(Integer) 
2021-04-08 15:29:00 [http-nio-8080-exec-1] DEBUG c.i.b.mapper.UserMapper.findOne : 
 <==      Total: 1 
2021-04-08 15:33:48 [http-nio-8080-exec-3] DEBUG c.i.b.mapper.UserMapper.findOne : 
 ==>  Preparing: select * from user 
2021-04-08 15:33:48 [http-nio-8080-exec-3] DEBUG c.i.b.mapper.UserMapper.findOne : 
 ==> Parameters:  
2021-04-08 15:33:48 [http-nio-8080-exec-3] DEBUG c.i.b.mapper.UserMapper.findOne : 
 <==      Total: 2 
2021-04-08 15:33:48 [http-nio-8080-exec-3] ERROR c.i.b.config.GlobalExceptionHandler : 
 org.mybatis.spring.MyBatisSystemException: nested exception is org.apache.ibatis.exceptions.TooManyResultsException: Expected one result (or null) to be returned by selectOne(), but found: 2
	at org.mybatis.spring.MyBatisExceptionTranslator.translateExceptionIfPossible(MyBatisExceptionTranslator.java:96)
	at org.mybatis.spring.SqlSessionTemplate$SqlSessionInterceptor.invoke(SqlSessionTemplate.java:441)
	at com.sun.proxy.$Proxy59.selectOne(Unknown Source)
	at org.mybatis.spring.SqlSessionTemplate.selectOne(SqlSessionTemplate.java:160)
	at org.apache.ibatis.binding.MapperMethod.execute(MapperMethod.java:87)
	at org.apache.ibatis.binding.MapperProxy$PlainMethodInvoker.invoke(MapperProxy.java:152)
	at org.apache.ibatis.binding.MapperProxy.invoke(MapperProxy.java:85)
	at com.sun.proxy.$Proxy60.findOne(Unknown Source)
	at com.itf.backend.service.RegService.findByName(RegService.java:36)
	at com.itf.backend.api.LoginApi.login(LoginApi.java:26)
	at sun.reflect.NativeMethodAccessorImpl.invoke0(Native Method)
	at sun.reflect.NativeMethodAccessorImpl.invoke(NativeMethodAccessorImpl.java:62)
	at sun.reflect.DelegatingMethodAccessorImpl.invoke(DelegatingMethodAccessorImpl.java:43)
	at java.lang.reflect.Method.invoke(Method.java:498)
	at org.springframework.web.method.support.InvocableHandlerMethod.doInvoke(InvocableHandlerMethod.java:197)
	at org.springframework.web.method.support.InvocableHandlerMethod.invokeForRequest(InvocableHandlerMethod.java:141)
	at org.springframework.web.servlet.mvc.method.annotation.ServletInvocableHandlerMethod.invokeAndHandle(ServletInvocableHandlerMethod.java:106)
	at org.springframework.web.servlet.mvc.method.annotation.RequestMappingHandlerAdapter.invokeHandlerMethod(RequestMappingHandlerAdapter.java:894)
	at org.springframework.web.servlet.mvc.method.annotation.RequestMappingHandlerAdapter.handleInternal(RequestMappingHandlerAdapter.java:808)
	at org.springframework.web.servlet.mvc.method.AbstractHandlerMethodAdapter.handle(AbstractHandlerMethodAdapter.java:87)
	at org.springframework.web.servlet.DispatcherServlet.doDispatch(DispatcherServlet.java:1060)
	at org.springframework.web.servlet.DispatcherServlet.doService(DispatcherServlet.java:962)
	at org.springframework.web.servlet.FrameworkServlet.processRequest(FrameworkServlet.java:1006)
	at org.springframework.web.servlet.FrameworkServlet.doPost(FrameworkServlet.java:909)
	at javax.servlet.http.HttpServlet.service(HttpServlet.java:652)
	at org.springframework.web.servlet.FrameworkServlet.service(FrameworkServlet.java:883)
	at javax.servlet.http.HttpServlet.service(HttpServlet.java:733)
	at org.apache.catalina.core.ApplicationFilterChain.internalDoFilter(ApplicationFilterChain.java:227)
	at org.apache.catalina.core.ApplicationFilterChain.doFilter(ApplicationFilterChain.java:162)
	at org.apache.tomcat.websocket.server.WsFilter.doFilter(WsFilter.java:53)
	at org.apache.catalina.core.ApplicationFilterChain.internalDoFilter(ApplicationFilterChain.java:189)
	at org.apache.catalina.core.ApplicationFilterChain.doFilter(ApplicationFilterChain.java:162)
	at org.springframework.web.filter.RequestContextFilter.doFilterInternal(RequestContextFilter.java:100)
	at org.springframework.web.filter.OncePerRequestFilter.doFilter(OncePerRequestFilter.java:119)
	at org.apache.catalina.core.ApplicationFilterChain.internalDoFilter(ApplicationFilterChain.java:189)
	at org.apache.catalina.core.ApplicationFilterChain.doFilter(ApplicationFilterChain.java:162)
	at org.springframework.web.filter.FormContentFilter.doFilterInternal(FormContentFilter.java:93)
	at org.springframework.web.filter.OncePerRequestFilter.doFilter(OncePerRequestFilter.java:119)
	at org.apache.catalina.core.ApplicationFilterChain.internalDoFilter(ApplicationFilterChain.java:189)
	at org.apache.catalina.core.ApplicationFilterChain.doFilter(ApplicationFilterChain.java:162)
	at org.springframework.web.filter.CharacterEncodingFilter.doFilterInternal(CharacterEncodingFilter.java:201)
	at org.springframework.web.filter.OncePerRequestFilter.doFilter(OncePerRequestFilter.java:119)
	at org.apache.catalina.core.ApplicationFilterChain.internalDoFilter(ApplicationFilterChain.java:189)
	at org.apache.catalina.core.ApplicationFilterChain.doFilter(ApplicationFilterChain.java:162)
	at org.apache.catalina.core.StandardWrapperValve.invoke(StandardWrapperValve.java:202)
	at org.apache.catalina.core.StandardContextValve.invoke(StandardContextValve.java:97)
	at org.apache.catalina.authenticator.AuthenticatorBase.invoke(AuthenticatorBase.java:542)
	at org.apache.catalina.core.StandardHostValve.invoke(StandardHostValve.java:143)
	at org.apache.catalina.valves.ErrorReportValve.invoke(ErrorReportValve.java:92)
	at org.apache.catalina.core.StandardEngineValve.invoke(StandardEngineValve.java:78)
	at org.apache.catalina.connector.CoyoteAdapter.service(CoyoteAdapter.java:357)
	at org.apache.coyote.http11.Http11Processor.service(Http11Processor.java:374)
	at org.apache.coyote.AbstractProcessorLight.process(AbstractProcessorLight.java:65)
	at org.apache.coyote.AbstractProtocol$ConnectionHandler.process(AbstractProtocol.java:893)
	at org.apache.tomcat.util.net.NioEndpoint$SocketProcessor.doRun(NioEndpoint.java:1707)
	at org.apache.tomcat.util.net.SocketProcessorBase.run(SocketProcessorBase.java:49)
	at java.util.concurrent.ThreadPoolExecutor.runWorker(ThreadPoolExecutor.java:1149)
	at java.util.concurrent.ThreadPoolExecutor$Worker.run(ThreadPoolExecutor.java:624)
	at org.apache.tomcat.util.threads.TaskThread$WrappingRunnable.run(TaskThread.java:61)
	at java.lang.Thread.run(Thread.java:748)
Caused by: org.apache.ibatis.exceptions.TooManyResultsException: Expected one result (or null) to be returned by selectOne(), but found: 2
	at org.apache.ibatis.session.defaults.DefaultSqlSession.selectOne(DefaultSqlSession.java:80)
	at sun.reflect.NativeMethodAccessorImpl.invoke0(Native Method)
	at sun.reflect.NativeMethodAccessorImpl.invoke(NativeMethodAccessorImpl.java:62)
	at sun.reflect.DelegatingMethodAccessorImpl.invoke(DelegatingMethodAccessorImpl.java:43)
	at java.lang.reflect.Method.invoke(Method.java:498)
	at org.mybatis.spring.SqlSessionTemplate$SqlSessionInterceptor.invoke(SqlSessionTemplate.java:427)
	... 58 more
 
2021-04-08 15:34:29 [http-nio-8080-exec-8] DEBUG c.i.b.mapper.UserMapper.findOne : 
 ==>  Preparing: select * from user WHERE name=? 
2021-04-08 15:34:29 [http-nio-8080-exec-8] DEBUG c.i.b.mapper.UserMapper.findOne : 
 ==> Parameters: jeremy(String) 
2021-04-08 15:34:29 [http-nio-8080-exec-8] DEBUG c.i.b.mapper.UserMapper.findOne : 
 <==      Total: 1 
2021-04-08 15:34:51 [http-nio-8080-exec-5] ERROR c.i.b.config.GlobalExceptionHandler : 
 org.springframework.http.converter.HttpMessageNotReadableException: Required request body is missing: public java.lang.Object com.itf.backend.api.LoginApi.login(com.itf.backend.model.User)
	at org.springframework.web.servlet.mvc.method.annotation.RequestResponseBodyMethodProcessor.readWithMessageConverters(RequestResponseBodyMethodProcessor.java:161)
	at org.springframework.web.servlet.mvc.method.annotation.RequestResponseBodyMethodProcessor.resolveArgument(RequestResponseBodyMethodProcessor.java:131)
	at org.springframework.web.method.support.HandlerMethodArgumentResolverComposite.resolveArgument(HandlerMethodArgumentResolverComposite.java:121)
	at org.springframework.web.method.support.InvocableHandlerMethod.getMethodArgumentValues(InvocableHandlerMethod.java:170)
	at org.springframework.web.method.support.InvocableHandlerMethod.invokeForRequest(InvocableHandlerMethod.java:137)
	at org.springframework.web.servlet.mvc.method.annotation.ServletInvocableHandlerMethod.invokeAndHandle(ServletInvocableHandlerMethod.java:106)
	at org.springframework.web.servlet.mvc.method.annotation.RequestMappingHandlerAdapter.invokeHandlerMethod(RequestMappingHandlerAdapter.java:894)
	at org.springframework.web.servlet.mvc.method.annotation.RequestMappingHandlerAdapter.handleInternal(RequestMappingHandlerAdapter.java:808)
	at org.springframework.web.servlet.mvc.method.AbstractHandlerMethodAdapter.handle(AbstractHandlerMethodAdapter.java:87)
	at org.springframework.web.servlet.DispatcherServlet.doDispatch(DispatcherServlet.java:1060)
	at org.springframework.web.servlet.DispatcherServlet.doService(DispatcherServlet.java:962)
	at org.springframework.web.servlet.FrameworkServlet.processRequest(FrameworkServlet.java:1006)
	at org.springframework.web.servlet.FrameworkServlet.doPost(FrameworkServlet.java:909)
	at javax.servlet.http.HttpServlet.service(HttpServlet.java:652)
	at org.springframework.web.servlet.FrameworkServlet.service(FrameworkServlet.java:883)
	at javax.servlet.http.HttpServlet.service(HttpServlet.java:733)
	at org.apache.catalina.core.ApplicationFilterChain.internalDoFilter(ApplicationFilterChain.java:227)
	at org.apache.catalina.core.ApplicationFilterChain.doFilter(ApplicationFilterChain.java:162)
	at org.apache.tomcat.websocket.server.WsFilter.doFilter(WsFilter.java:53)
	at org.apache.catalina.core.ApplicationFilterChain.internalDoFilter(ApplicationFilterChain.java:189)
	at org.apache.catalina.core.ApplicationFilterChain.doFilter(ApplicationFilterChain.java:162)
	at org.springframework.web.filter.RequestContextFilter.doFilterInternal(RequestContextFilter.java:100)
	at org.springframework.web.filter.OncePerRequestFilter.doFilter(OncePerRequestFilter.java:119)
	at org.apache.catalina.core.ApplicationFilterChain.internalDoFilter(ApplicationFilterChain.java:189)
	at org.apache.catalina.core.ApplicationFilterChain.doFilter(ApplicationFilterChain.java:162)
	at org.springframework.web.filter.FormContentFilter.doFilterInternal(FormContentFilter.java:93)
	at org.springframework.web.filter.OncePerRequestFilter.doFilter(OncePerRequestFilter.java:119)
	at org.apache.catalina.core.ApplicationFilterChain.internalDoFilter(ApplicationFilterChain.java:189)
	at org.apache.catalina.core.ApplicationFilterChain.doFilter(ApplicationFilterChain.java:162)
	at org.springframework.web.filter.CharacterEncodingFilter.doFilterInternal(CharacterEncodingFilter.java:201)
	at org.springframework.web.filter.OncePerRequestFilter.doFilter(OncePerRequestFilter.java:119)
	at org.apache.catalina.core.ApplicationFilterChain.internalDoFilter(ApplicationFilterChain.java:189)
	at org.apache.catalina.core.ApplicationFilterChain.doFilter(ApplicationFilterChain.java:162)
	at org.apache.catalina.core.StandardWrapperValve.invoke(StandardWrapperValve.java:202)
	at org.apache.catalina.core.StandardContextValve.invoke(StandardContextValve.java:97)
	at org.apache.catalina.authenticator.AuthenticatorBase.invoke(AuthenticatorBase.java:542)
	at org.apache.catalina.core.StandardHostValve.invoke(StandardHostValve.java:143)
	at org.apache.catalina.valves.ErrorReportValve.invoke(ErrorReportValve.java:92)
	at org.apache.catalina.core.StandardEngineValve.invoke(StandardEngineValve.java:78)
	at org.apache.catalina.connector.CoyoteAdapter.service(CoyoteAdapter.java:357)
	at org.apache.coyote.http11.Http11Processor.service(Http11Processor.java:374)
	at org.apache.coyote.AbstractProcessorLight.process(AbstractProcessorLight.java:65)
	at org.apache.coyote.AbstractProtocol$ConnectionHandler.process(AbstractProtocol.java:893)
	at org.apache.tomcat.util.net.NioEndpoint$SocketProcessor.doRun(NioEndpoint.java:1707)
	at org.apache.tomcat.util.net.SocketProcessorBase.run(SocketProcessorBase.java:49)
	at java.util.concurrent.ThreadPoolExecutor.runWorker(ThreadPoolExecutor.java:1149)
	at java.util.concurrent.ThreadPoolExecutor$Worker.run(ThreadPoolExecutor.java:624)
	at org.apache.tomcat.util.threads.TaskThread$WrappingRunnable.run(TaskThread.java:61)
	at java.lang.Thread.run(Thread.java:748)
 
2021-04-08 15:34:56 [http-nio-8080-exec-6] DEBUG c.i.b.mapper.UserMapper.findOne : 
 ==>  Preparing: select * from user WHERE name=? 
2021-04-08 15:34:56 [http-nio-8080-exec-6] DEBUG c.i.b.mapper.UserMapper.findOne : 
 ==> Parameters: jeremy(String) 
2021-04-08 15:34:56 [http-nio-8080-exec-6] DEBUG c.i.b.mapper.UserMapper.findOne : 
 <==      Total: 1 
2021-04-08 15:39:25 [http-nio-8080-exec-4] DEBUG c.i.b.mapper.UserMapper.findOne : 
 ==>  Preparing: select * from user WHERE name=? 
2021-04-08 15:39:25 [http-nio-8080-exec-4] DEBUG c.i.b.mapper.UserMapper.findOne : 
 ==> Parameters: simon(String) 
2021-04-08 15:39:25 [http-nio-8080-exec-4] DEBUG c.i.b.mapper.UserMapper.findOne : 
 <==      Total: 0 
2021-04-08 15:39:37 [http-nio-8080-exec-9] DEBUG c.i.b.mapper.UserMapper.findOne : 
 ==>  Preparing: select * from user WHERE name=? 
2021-04-08 15:39:37 [http-nio-8080-exec-9] DEBUG c.i.b.mapper.UserMapper.findOne : 
 ==> Parameters: jeremy(String) 
2021-04-08 15:39:37 [http-nio-8080-exec-9] DEBUG c.i.b.mapper.UserMapper.findOne : 
 <==      Total: 1 
2021-04-08 16:22:16 [http-nio-8080-exec-1] DEBUG c.i.b.mapper.UserMapper.findOne : 
 ==>  Preparing: select * from user WHERE name=? 
2021-04-08 16:22:16 [http-nio-8080-exec-1] DEBUG c.i.b.mapper.UserMapper.findOne : 
 ==> Parameters: nick(String) 
2021-04-08 16:22:16 [http-nio-8080-exec-1] DEBUG c.i.b.mapper.UserMapper.findOne : 
 <==      Total: 0 
2021-04-08 16:26:57 [http-nio-8080-exec-3] DEBUG c.i.b.mapper.UserMapper.findOne : 
 ==>  Preparing: select * from user WHERE name=? 
2021-04-08 16:26:57 [http-nio-8080-exec-3] DEBUG c.i.b.mapper.UserMapper.findOne : 
 ==> Parameters: jeremy(String) 
2021-04-08 16:26:57 [http-nio-8080-exec-3] DEBUG c.i.b.mapper.UserMapper.findOne : 
 <==      Total: 1 
2021-04-08 16:30:12 [http-nio-8080-exec-5] ERROR c.i.b.config.GlobalExceptionHandler : 
 org.springframework.web.HttpMediaTypeNotSupportedException: Content type 'multipart/form-data;boundary=--dio-boundary-0743416371;charset=UTF-8' not supported
	at org.springframework.web.servlet.mvc.method.annotation.AbstractMessageConverterMethodArgumentResolver.readWithMessageConverters(AbstractMessageConverterMethodArgumentResolver.java:207)
	at org.springframework.web.servlet.mvc.method.annotation.RequestResponseBodyMethodProcessor.readWithMessageConverters(RequestResponseBodyMethodProcessor.java:158)
	at org.springframework.web.servlet.mvc.method.annotation.RequestResponseBodyMethodProcessor.resolveArgument(RequestResponseBodyMethodProcessor.java:131)
	at org.springframework.web.method.support.HandlerMethodArgumentResolverComposite.resolveArgument(HandlerMethodArgumentResolverComposite.java:121)
	at org.springframework.web.method.support.InvocableHandlerMethod.getMethodArgumentValues(InvocableHandlerMethod.java:170)
	at org.springframework.web.method.support.InvocableHandlerMethod.invokeForRequest(InvocableHandlerMethod.java:137)
	at org.springframework.web.servlet.mvc.method.annotation.ServletInvocableHandlerMethod.invokeAndHandle(ServletInvocableHandlerMethod.java:106)
	at org.springframework.web.servlet.mvc.method.annotation.RequestMappingHandlerAdapter.invokeHandlerMethod(RequestMappingHandlerAdapter.java:894)
	at org.springframework.web.servlet.mvc.method.annotation.RequestMappingHandlerAdapter.handleInternal(RequestMappingHandlerAdapter.java:808)
	at org.springframework.web.servlet.mvc.method.AbstractHandlerMethodAdapter.handle(AbstractHandlerMethodAdapter.java:87)
	at org.springframework.web.servlet.DispatcherServlet.doDispatch(DispatcherServlet.java:1060)
	at org.springframework.web.servlet.DispatcherServlet.doService(DispatcherServlet.java:962)
	at org.springframework.web.servlet.FrameworkServlet.processRequest(FrameworkServlet.java:1006)
	at org.springframework.web.servlet.FrameworkServlet.doPost(FrameworkServlet.java:909)
	at javax.servlet.http.HttpServlet.service(HttpServlet.java:652)
	at org.springframework.web.servlet.FrameworkServlet.service(FrameworkServlet.java:883)
	at javax.servlet.http.HttpServlet.service(HttpServlet.java:733)
	at org.apache.catalina.core.ApplicationFilterChain.internalDoFilter(ApplicationFilterChain.java:227)
	at org.apache.catalina.core.ApplicationFilterChain.doFilter(ApplicationFilterChain.java:162)
	at org.apache.tomcat.websocket.server.WsFilter.doFilter(WsFilter.java:53)
	at org.apache.catalina.core.ApplicationFilterChain.internalDoFilter(ApplicationFilterChain.java:189)
	at org.apache.catalina.core.ApplicationFilterChain.doFilter(ApplicationFilterChain.java:162)
	at org.springframework.web.filter.RequestContextFilter.doFilterInternal(RequestContextFilter.java:100)
	at org.springframework.web.filter.OncePerRequestFilter.doFilter(OncePerRequestFilter.java:119)
	at org.apache.catalina.core.ApplicationFilterChain.internalDoFilter(ApplicationFilterChain.java:189)
	at org.apache.catalina.core.ApplicationFilterChain.doFilter(ApplicationFilterChain.java:162)
	at org.springframework.web.filter.FormContentFilter.doFilterInternal(FormContentFilter.java:93)
	at org.springframework.web.filter.OncePerRequestFilter.doFilter(OncePerRequestFilter.java:119)
	at org.apache.catalina.core.ApplicationFilterChain.internalDoFilter(ApplicationFilterChain.java:189)
	at org.apache.catalina.core.ApplicationFilterChain.doFilter(ApplicationFilterChain.java:162)
	at org.springframework.web.filter.CharacterEncodingFilter.doFilterInternal(CharacterEncodingFilter.java:201)
	at org.springframework.web.filter.OncePerRequestFilter.doFilter(OncePerRequestFilter.java:119)
	at org.apache.catalina.core.ApplicationFilterChain.internalDoFilter(ApplicationFilterChain.java:189)
	at org.apache.catalina.core.ApplicationFilterChain.doFilter(ApplicationFilterChain.java:162)
	at org.apache.catalina.core.StandardWrapperValve.invoke(StandardWrapperValve.java:202)
	at org.apache.catalina.core.StandardContextValve.invoke(StandardContextValve.java:97)
	at org.apache.catalina.authenticator.AuthenticatorBase.invoke(AuthenticatorBase.java:542)
	at org.apache.catalina.core.StandardHostValve.invoke(StandardHostValve.java:143)
	at org.apache.catalina.valves.ErrorReportValve.invoke(ErrorReportValve.java:92)
	at org.apache.catalina.core.StandardEngineValve.invoke(StandardEngineValve.java:78)
	at org.apache.catalina.connector.CoyoteAdapter.service(CoyoteAdapter.java:357)
	at org.apache.coyote.http11.Http11Processor.service(Http11Processor.java:374)
	at org.apache.coyote.AbstractProcessorLight.process(AbstractProcessorLight.java:65)
	at org.apache.coyote.AbstractProtocol$ConnectionHandler.process(AbstractProtocol.java:893)
	at org.apache.tomcat.util.net.NioEndpoint$SocketProcessor.doRun(NioEndpoint.java:1707)
	at org.apache.tomcat.util.net.SocketProcessorBase.run(SocketProcessorBase.java:49)
	at java.util.concurrent.ThreadPoolExecutor.runWorker(ThreadPoolExecutor.java:1149)
	at java.util.concurrent.ThreadPoolExecutor$Worker.run(ThreadPoolExecutor.java:624)
	at org.apache.tomcat.util.threads.TaskThread$WrappingRunnable.run(TaskThread.java:61)
	at java.lang.Thread.run(Thread.java:748)
 
2021-04-08 16:30:16 [http-nio-8080-exec-7] ERROR c.i.b.config.GlobalExceptionHandler : 
 org.springframework.web.HttpMediaTypeNotSupportedException: Content type 'multipart/form-data;boundary=--dio-boundary-1373307287;charset=UTF-8' not supported
	at org.springframework.web.servlet.mvc.method.annotation.AbstractMessageConverterMethodArgumentResolver.readWithMessageConverters(AbstractMessageConverterMethodArgumentResolver.java:207)
	at org.springframework.web.servlet.mvc.method.annotation.RequestResponseBodyMethodProcessor.readWithMessageConverters(RequestResponseBodyMethodProcessor.java:158)
	at org.springframework.web.servlet.mvc.method.annotation.RequestResponseBodyMethodProcessor.resolveArgument(RequestResponseBodyMethodProcessor.java:131)
	at org.springframework.web.method.support.HandlerMethodArgumentResolverComposite.resolveArgument(HandlerMethodArgumentResolverComposite.java:121)
	at org.springframework.web.method.support.InvocableHandlerMethod.getMethodArgumentValues(InvocableHandlerMethod.java:170)
	at org.springframework.web.method.support.InvocableHandlerMethod.invokeForRequest(InvocableHandlerMethod.java:137)
	at org.springframework.web.servlet.mvc.method.annotation.ServletInvocableHandlerMethod.invokeAndHandle(ServletInvocableHandlerMethod.java:106)
	at org.springframework.web.servlet.mvc.method.annotation.RequestMappingHandlerAdapter.invokeHandlerMethod(RequestMappingHandlerAdapter.java:894)
	at org.springframework.web.servlet.mvc.method.annotation.RequestMappingHandlerAdapter.handleInternal(RequestMappingHandlerAdapter.java:808)
	at org.springframework.web.servlet.mvc.method.AbstractHandlerMethodAdapter.handle(AbstractHandlerMethodAdapter.java:87)
	at org.springframework.web.servlet.DispatcherServlet.doDispatch(DispatcherServlet.java:1060)
	at org.springframework.web.servlet.DispatcherServlet.doService(DispatcherServlet.java:962)
	at org.springframework.web.servlet.FrameworkServlet.processRequest(FrameworkServlet.java:1006)
	at org.springframework.web.servlet.FrameworkServlet.doPost(FrameworkServlet.java:909)
	at javax.servlet.http.HttpServlet.service(HttpServlet.java:652)
	at org.springframework.web.servlet.FrameworkServlet.service(FrameworkServlet.java:883)
	at javax.servlet.http.HttpServlet.service(HttpServlet.java:733)
	at org.apache.catalina.core.ApplicationFilterChain.internalDoFilter(ApplicationFilterChain.java:227)
	at org.apache.catalina.core.ApplicationFilterChain.doFilter(ApplicationFilterChain.java:162)
	at org.apache.tomcat.websocket.server.WsFilter.doFilter(WsFilter.java:53)
	at org.apache.catalina.core.ApplicationFilterChain.internalDoFilter(ApplicationFilterChain.java:189)
	at org.apache.catalina.core.ApplicationFilterChain.doFilter(ApplicationFilterChain.java:162)
	at org.springframework.web.filter.RequestContextFilter.doFilterInternal(RequestContextFilter.java:100)
	at org.springframework.web.filter.OncePerRequestFilter.doFilter(OncePerRequestFilter.java:119)
	at org.apache.catalina.core.ApplicationFilterChain.internalDoFilter(ApplicationFilterChain.java:189)
	at org.apache.catalina.core.ApplicationFilterChain.doFilter(ApplicationFilterChain.java:162)
	at org.springframework.web.filter.FormContentFilter.doFilterInternal(FormContentFilter.java:93)
	at org.springframework.web.filter.OncePerRequestFilter.doFilter(OncePerRequestFilter.java:119)
	at org.apache.catalina.core.ApplicationFilterChain.internalDoFilter(ApplicationFilterChain.java:189)
	at org.apache.catalina.core.ApplicationFilterChain.doFilter(ApplicationFilterChain.java:162)
	at org.springframework.web.filter.CharacterEncodingFilter.doFilterInternal(CharacterEncodingFilter.java:201)
	at org.springframework.web.filter.OncePerRequestFilter.doFilter(OncePerRequestFilter.java:119)
	at org.apache.catalina.core.ApplicationFilterChain.internalDoFilter(ApplicationFilterChain.java:189)
	at org.apache.catalina.core.ApplicationFilterChain.doFilter(ApplicationFilterChain.java:162)
	at org.apache.catalina.core.StandardWrapperValve.invoke(StandardWrapperValve.java:202)
	at org.apache.catalina.core.StandardContextValve.invoke(StandardContextValve.java:97)
	at org.apache.catalina.authenticator.AuthenticatorBase.invoke(AuthenticatorBase.java:542)
	at org.apache.catalina.core.StandardHostValve.invoke(StandardHostValve.java:143)
	at org.apache.catalina.valves.ErrorReportValve.invoke(ErrorReportValve.java:92)
	at org.apache.catalina.core.StandardEngineValve.invoke(StandardEngineValve.java:78)
	at org.apache.catalina.connector.CoyoteAdapter.service(CoyoteAdapter.java:357)
	at org.apache.coyote.http11.Http11Processor.service(Http11Processor.java:374)
	at org.apache.coyote.AbstractProcessorLight.process(AbstractProcessorLight.java:65)
	at org.apache.coyote.AbstractProtocol$ConnectionHandler.process(AbstractProtocol.java:893)
	at org.apache.tomcat.util.net.NioEndpoint$SocketProcessor.doRun(NioEndpoint.java:1707)
	at org.apache.tomcat.util.net.SocketProcessorBase.run(SocketProcessorBase.java:49)
	at java.util.concurrent.ThreadPoolExecutor.runWorker(ThreadPoolExecutor.java:1149)
	at java.util.concurrent.ThreadPoolExecutor$Worker.run(ThreadPoolExecutor.java:624)
	at org.apache.tomcat.util.threads.TaskThread$WrappingRunnable.run(TaskThread.java:61)
	at java.lang.Thread.run(Thread.java:748)
 
2021-04-08 16:31:00 [http-nio-8080-exec-9] ERROR c.i.b.config.GlobalExceptionHandler : 
 org.springframework.web.HttpMediaTypeNotSupportedException: Content type 'multipart/form-data;boundary=--dio-boundary-0274150017;charset=UTF-8' not supported
	at org.springframework.web.servlet.mvc.method.annotation.AbstractMessageConverterMethodArgumentResolver.readWithMessageConverters(AbstractMessageConverterMethodArgumentResolver.java:207)
	at org.springframework.web.servlet.mvc.method.annotation.RequestResponseBodyMethodProcessor.readWithMessageConverters(RequestResponseBodyMethodProcessor.java:158)
	at org.springframework.web.servlet.mvc.method.annotation.RequestResponseBodyMethodProcessor.resolveArgument(RequestResponseBodyMethodProcessor.java:131)
	at org.springframework.web.method.support.HandlerMethodArgumentResolverComposite.resolveArgument(HandlerMethodArgumentResolverComposite.java:121)
	at org.springframework.web.method.support.InvocableHandlerMethod.getMethodArgumentValues(InvocableHandlerMethod.java:170)
	at org.springframework.web.method.support.InvocableHandlerMethod.invokeForRequest(InvocableHandlerMethod.java:137)
	at org.springframework.web.servlet.mvc.method.annotation.ServletInvocableHandlerMethod.invokeAndHandle(ServletInvocableHandlerMethod.java:106)
	at org.springframework.web.servlet.mvc.method.annotation.RequestMappingHandlerAdapter.invokeHandlerMethod(RequestMappingHandlerAdapter.java:894)
	at org.springframework.web.servlet.mvc.method.annotation.RequestMappingHandlerAdapter.handleInternal(RequestMappingHandlerAdapter.java:808)
	at org.springframework.web.servlet.mvc.method.AbstractHandlerMethodAdapter.handle(AbstractHandlerMethodAdapter.java:87)
	at org.springframework.web.servlet.DispatcherServlet.doDispatch(DispatcherServlet.java:1060)
	at org.springframework.web.servlet.DispatcherServlet.doService(DispatcherServlet.java:962)
	at org.springframework.web.servlet.FrameworkServlet.processRequest(FrameworkServlet.java:1006)
	at org.springframework.web.servlet.FrameworkServlet.doPost(FrameworkServlet.java:909)
	at javax.servlet.http.HttpServlet.service(HttpServlet.java:652)
	at org.springframework.web.servlet.FrameworkServlet.service(FrameworkServlet.java:883)
	at javax.servlet.http.HttpServlet.service(HttpServlet.java:733)
	at org.apache.catalina.core.ApplicationFilterChain.internalDoFilter(ApplicationFilterChain.java:227)
	at org.apache.catalina.core.ApplicationFilterChain.doFilter(ApplicationFilterChain.java:162)
	at org.apache.tomcat.websocket.server.WsFilter.doFilter(WsFilter.java:53)
	at org.apache.catalina.core.ApplicationFilterChain.internalDoFilter(ApplicationFilterChain.java:189)
	at org.apache.catalina.core.ApplicationFilterChain.doFilter(ApplicationFilterChain.java:162)
	at org.springframework.web.filter.RequestContextFilter.doFilterInternal(RequestContextFilter.java:100)
	at org.springframework.web.filter.OncePerRequestFilter.doFilter(OncePerRequestFilter.java:119)
	at org.apache.catalina.core.ApplicationFilterChain.internalDoFilter(ApplicationFilterChain.java:189)
	at org.apache.catalina.core.ApplicationFilterChain.doFilter(ApplicationFilterChain.java:162)
	at org.springframework.web.filter.FormContentFilter.doFilterInternal(FormContentFilter.java:93)
	at org.springframework.web.filter.OncePerRequestFilter.doFilter(OncePerRequestFilter.java:119)
	at org.apache.catalina.core.ApplicationFilterChain.internalDoFilter(ApplicationFilterChain.java:189)
	at org.apache.catalina.core.ApplicationFilterChain.doFilter(ApplicationFilterChain.java:162)
	at org.springframework.web.filter.CharacterEncodingFilter.doFilterInternal(CharacterEncodingFilter.java:201)
	at org.springframework.web.filter.OncePerRequestFilter.doFilter(OncePerRequestFilter.java:119)
	at org.apache.catalina.core.ApplicationFilterChain.internalDoFilter(ApplicationFilterChain.java:189)
	at org.apache.catalina.core.ApplicationFilterChain.doFilter(ApplicationFilterChain.java:162)
	at org.apache.catalina.core.StandardWrapperValve.invoke(StandardWrapperValve.java:202)
	at org.apache.catalina.core.StandardContextValve.invoke(StandardContextValve.java:97)
	at org.apache.catalina.authenticator.AuthenticatorBase.invoke(AuthenticatorBase.java:542)
	at org.apache.catalina.core.StandardHostValve.invoke(StandardHostValve.java:143)
	at org.apache.catalina.valves.ErrorReportValve.invoke(ErrorReportValve.java:92)
	at org.apache.catalina.core.StandardEngineValve.invoke(StandardEngineValve.java:78)
	at org.apache.catalina.connector.CoyoteAdapter.service(CoyoteAdapter.java:357)
	at org.apache.coyote.http11.Http11Processor.service(Http11Processor.java:374)
	at org.apache.coyote.AbstractProcessorLight.process(AbstractProcessorLight.java:65)
	at org.apache.coyote.AbstractProtocol$ConnectionHandler.process(AbstractProtocol.java:893)
	at org.apache.tomcat.util.net.NioEndpoint$SocketProcessor.doRun(NioEndpoint.java:1707)
	at org.apache.tomcat.util.net.SocketProcessorBase.run(SocketProcessorBase.java:49)
	at java.util.concurrent.ThreadPoolExecutor.runWorker(ThreadPoolExecutor.java:1149)
	at java.util.concurrent.ThreadPoolExecutor$Worker.run(ThreadPoolExecutor.java:624)
	at org.apache.tomcat.util.threads.TaskThread$WrappingRunnable.run(TaskThread.java:61)
	at java.lang.Thread.run(Thread.java:748)
 
2021-04-08 16:32:45 [http-nio-8080-exec-1] DEBUG c.i.b.mapper.UserMapper.findOne : 
 ==>  Preparing: select * from user WHERE name=? 
2021-04-08 16:32:45 [http-nio-8080-exec-1] DEBUG c.i.b.mapper.UserMapper.findOne : 
 ==> Parameters: jeremy(String) 
2021-04-08 16:32:45 [http-nio-8080-exec-1] DEBUG c.i.b.mapper.UserMapper.findOne : 
 <==      Total: 1 
2021-04-08 16:33:32 [http-nio-8080-exec-3] DEBUG c.i.b.mapper.UserMapper.findOne : 
 ==>  Preparing: select * from user WHERE name=? 
2021-04-08 16:33:32 [http-nio-8080-exec-3] DEBUG c.i.b.mapper.UserMapper.findOne : 
 ==> Parameters: jeremy(String) 
2021-04-08 16:33:32 [http-nio-8080-exec-3] DEBUG c.i.b.mapper.UserMapper.findOne : 
 <==      Total: 1 
2021-04-08 16:34:23 [http-nio-8080-exec-5] DEBUG c.i.b.mapper.UserMapper.findOne : 
 ==>  Preparing: select * from user WHERE name=? 
2021-04-08 16:34:23 [http-nio-8080-exec-5] DEBUG c.i.b.mapper.UserMapper.findOne : 
 ==> Parameters: jeremy(String) 
2021-04-08 16:34:23 [http-nio-8080-exec-5] DEBUG c.i.b.mapper.UserMapper.findOne : 
 <==      Total: 1 
2021-04-08 16:36:46 [http-nio-8080-exec-7] DEBUG c.i.b.mapper.UserMapper.findOne : 
 ==>  Preparing: select * from user WHERE name=? 
2021-04-08 16:36:46 [http-nio-8080-exec-7] DEBUG c.i.b.mapper.UserMapper.findOne : 
 ==> Parameters: jeremy(String) 
2021-04-08 16:36:46 [http-nio-8080-exec-7] DEBUG c.i.b.mapper.UserMapper.findOne : 
 <==      Total: 1 
2021-04-08 16:44:00 [http-nio-8080-exec-9] DEBUG c.i.b.mapper.UserMapper.findOne : 
 ==>  Preparing: select * from user WHERE name=? 
2021-04-08 16:44:00 [http-nio-8080-exec-9] DEBUG c.i.b.mapper.UserMapper.findOne : 
 ==> Parameters: jeremy(String) 
2021-04-08 16:44:00 [http-nio-8080-exec-9] DEBUG c.i.b.mapper.UserMapper.findOne : 
 <==      Total: 1 
2021-04-08 16:46:05 [http-nio-8080-exec-1] DEBUG c.i.b.mapper.UserMapper.findOne : 
 ==>  Preparing: select * from user WHERE name=? 
2021-04-08 16:46:05 [http-nio-8080-exec-1] DEBUG c.i.b.mapper.UserMapper.findOne : 
 ==> Parameters: jeremy(String) 
2021-04-08 16:46:05 [http-nio-8080-exec-1] DEBUG c.i.b.mapper.UserMapper.findOne : 
 <==      Total: 1 
2021-04-08 16:46:42 [http-nio-8080-exec-3] DEBUG c.i.b.mapper.UserMapper.findOne : 
 ==>  Preparing: select * from user WHERE name=? 
2021-04-08 16:46:42 [http-nio-8080-exec-3] DEBUG c.i.b.mapper.UserMapper.findOne : 
 ==> Parameters: jeremy(String) 
2021-04-08 16:46:42 [http-nio-8080-exec-3] DEBUG c.i.b.mapper.UserMapper.findOne : 
 <==      Total: 1 
2021-04-08 16:52:30 [http-nio-8080-exec-5] DEBUG c.i.b.mapper.UserMapper.findOne : 
 ==>  Preparing: select * from user WHERE name=? 
2021-04-08 16:52:30 [http-nio-8080-exec-5] DEBUG c.i.b.mapper.UserMapper.findOne : 
 ==> Parameters: (String) 
2021-04-08 16:52:30 [http-nio-8080-exec-5] DEBUG c.i.b.mapper.UserMapper.findOne : 
 <==      Total: 0 
2021-04-08 16:52:32 [http-nio-8080-exec-6] DEBUG c.i.b.mapper.UserMapper.findOne : 
 ==>  Preparing: select * from user WHERE name=? 
2021-04-08 16:52:32 [http-nio-8080-exec-6] DEBUG c.i.b.mapper.UserMapper.findOne : 
 ==> Parameters: (String) 
2021-04-08 16:52:32 [http-nio-8080-exec-6] DEBUG c.i.b.mapper.UserMapper.findOne : 
 <==      Total: 0 
2021-04-08 16:52:33 [http-nio-8080-exec-4] DEBUG c.i.b.mapper.UserMapper.findOne : 
 ==>  Preparing: select * from user WHERE name=? 
2021-04-08 16:52:33 [http-nio-8080-exec-4] DEBUG c.i.b.mapper.UserMapper.findOne : 
 ==> Parameters: (String) 
2021-04-08 16:52:33 [http-nio-8080-exec-4] DEBUG c.i.b.mapper.UserMapper.findOne : 
 <==      Total: 0 
2021-04-08 16:53:25 [http-nio-8080-exec-1] DEBUG c.i.b.mapper.UserMapper.findOne : 
 ==>  Preparing: select * from user WHERE name=? 
2021-04-08 16:53:25 [http-nio-8080-exec-1] DEBUG c.i.b.mapper.UserMapper.findOne : 
 ==> Parameters: (String) 
2021-04-08 16:53:25 [http-nio-8080-exec-1] DEBUG c.i.b.mapper.UserMapper.findOne : 
 <==      Total: 0 
2021-04-08 16:53:28 [http-nio-8080-exec-2] DEBUG c.i.b.mapper.UserMapper.findOne : 
 ==>  Preparing: select * from user WHERE name=? 
2021-04-08 16:53:28 [http-nio-8080-exec-2] DEBUG c.i.b.mapper.UserMapper.findOne : 
 ==> Parameters: (String) 
2021-04-08 16:53:28 [http-nio-8080-exec-2] DEBUG c.i.b.mapper.UserMapper.findOne : 
 <==      Total: 0 
2021-04-08 16:53:40 [http-nio-8080-exec-5] DEBUG c.i.b.mapper.UserMapper.findOne : 
 ==>  Preparing: select * from user WHERE name=? 
2021-04-08 16:53:40 [http-nio-8080-exec-5] DEBUG c.i.b.mapper.UserMapper.findOne : 
 ==> Parameters: jeremy(String) 
2021-04-08 16:53:40 [http-nio-8080-exec-5] DEBUG c.i.b.mapper.UserMapper.findOne : 
 <==      Total: 1 
2021-04-08 16:54:00 [http-nio-8080-exec-7] DEBUG c.i.b.mapper.UserMapper.findOne : 
 ==>  Preparing: select * from user WHERE name=? 
2021-04-08 16:54:00 [http-nio-8080-exec-7] DEBUG c.i.b.mapper.UserMapper.findOne : 
 ==> Parameters: simon(String) 
2021-04-08 16:54:00 [http-nio-8080-exec-7] DEBUG c.i.b.mapper.UserMapper.findOne : 
 <==      Total: 0 
2021-04-08 16:54:03 [http-nio-8080-exec-4] DEBUG c.i.b.mapper.UserMapper.findOne : 
 ==>  Preparing: select * from user WHERE name=? 
2021-04-08 16:54:03 [http-nio-8080-exec-4] DEBUG c.i.b.mapper.UserMapper.findOne : 
 ==> Parameters: simon(String) 
2021-04-08 16:54:03 [http-nio-8080-exec-4] DEBUG c.i.b.mapper.UserMapper.findOne : 
 <==      Total: 0 
2021-04-08 16:54:30 [http-nio-8080-exec-1] DEBUG c.i.b.mapper.UserMapper.findOne : 
 ==>  Preparing: select * from user WHERE name=? 
2021-04-08 16:54:30 [http-nio-8080-exec-1] DEBUG c.i.b.mapper.UserMapper.findOne : 
 ==> Parameters: simon(String) 
2021-04-08 16:54:30 [http-nio-8080-exec-1] DEBUG c.i.b.mapper.UserMapper.findOne : 
 <==      Total: 0 
2021-04-08 16:54:58 [http-nio-8080-exec-2] DEBUG c.i.b.mapper.UserMapper.findOne : 
 ==>  Preparing: select * from user WHERE name=? 
2021-04-08 16:54:58 [http-nio-8080-exec-2] DEBUG c.i.b.mapper.UserMapper.findOne : 
 ==> Parameters: simon(String) 
2021-04-08 16:54:58 [http-nio-8080-exec-2] DEBUG c.i.b.mapper.UserMapper.findOne : 
 <==      Total: 0 
2021-04-08 16:56:13 [http-nio-8080-exec-5] DEBUG c.i.b.mapper.UserMapper.findOne : 
 ==>  Preparing: select * from user WHERE name=? 
2021-04-08 16:56:13 [http-nio-8080-exec-5] DEBUG c.i.b.mapper.UserMapper.findOne : 
 ==> Parameters: simon(String) 
2021-04-08 16:56:13 [http-nio-8080-exec-5] DEBUG c.i.b.mapper.UserMapper.findOne : 
 <==      Total: 0 
2021-04-08 16:56:23 [http-nio-8080-exec-7] DEBUG c.i.b.mapper.UserMapper.findOne : 
 ==>  Preparing: select * from user WHERE name=? 
2021-04-08 16:56:23 [http-nio-8080-exec-7] DEBUG c.i.b.mapper.UserMapper.findOne : 
 ==> Parameters: simon(String) 
2021-04-08 16:56:23 [http-nio-8080-exec-7] DEBUG c.i.b.mapper.UserMapper.findOne : 
 <==      Total: 0 
2021-04-08 16:57:04 [http-nio-8080-exec-9] DEBUG c.i.b.mapper.UserMapper.findOne : 
 ==>  Preparing: select * from user WHERE name=? 
2021-04-08 16:57:04 [http-nio-8080-exec-9] DEBUG c.i.b.mapper.UserMapper.findOne : 
 ==> Parameters: simon(String) 
2021-04-08 16:57:04 [http-nio-8080-exec-9] DEBUG c.i.b.mapper.UserMapper.findOne : 
 <==      Total: 0 
2021-04-08 16:57:33 [http-nio-8080-exec-1] DEBUG c.i.b.mapper.UserMapper.findOne : 
 ==>  Preparing: select * from user WHERE name=? 
2021-04-08 16:57:33 [http-nio-8080-exec-1] DEBUG c.i.b.mapper.UserMapper.findOne : 
 ==> Parameters: simon(String) 
2021-04-08 16:57:33 [http-nio-8080-exec-1] DEBUG c.i.b.mapper.UserMapper.findOne : 
 <==      Total: 0 
2021-04-08 16:59:15 [http-nio-8080-exec-3] DEBUG c.i.b.mapper.UserMapper.findOne : 
 ==>  Preparing: select * from user WHERE name=? 
2021-04-08 16:59:15 [http-nio-8080-exec-3] DEBUG c.i.b.mapper.UserMapper.findOne : 
 ==> Parameters: simon(String) 
2021-04-08 16:59:15 [http-nio-8080-exec-3] DEBUG c.i.b.mapper.UserMapper.findOne : 
 <==      Total: 0 
2021-04-08 16:59:58 [http-nio-8080-exec-5] DEBUG c.i.b.mapper.UserMapper.findOne : 
 ==>  Preparing: select * from user WHERE name=? 
2021-04-08 16:59:58 [http-nio-8080-exec-5] DEBUG c.i.b.mapper.UserMapper.findOne : 
 ==> Parameters: simon(String) 
2021-04-08 16:59:58 [http-nio-8080-exec-5] DEBUG c.i.b.mapper.UserMapper.findOne : 
 <==      Total: 0 
2021-04-08 17:00:27 [http-nio-8080-exec-7] DEBUG c.i.b.mapper.UserMapper.findOne : 
 ==>  Preparing: select * from user WHERE name=? 
2021-04-08 17:00:27 [http-nio-8080-exec-7] DEBUG c.i.b.mapper.UserMapper.findOne : 
 ==> Parameters: simon(String) 
2021-04-08 17:00:27 [http-nio-8080-exec-7] DEBUG c.i.b.mapper.UserMapper.findOne : 
 <==      Total: 0 
2021-04-08 17:03:48 [http-nio-8080-exec-9] DEBUG c.i.b.mapper.UserMapper.findOne : 
 ==>  Preparing: select * from user WHERE name=? 
2021-04-08 17:03:48 [http-nio-8080-exec-9] DEBUG c.i.b.mapper.UserMapper.findOne : 
 ==> Parameters: simon (String) 
2021-04-08 17:03:48 [http-nio-8080-exec-9] DEBUG c.i.b.mapper.UserMapper.findOne : 
 <==      Total: 0 
2021-04-08 17:03:58 [http-nio-8080-exec-1] DEBUG c.i.b.mapper.UserMapper.findOne : 
 ==>  Preparing: select * from user WHERE name=? 
2021-04-08 17:03:58 [http-nio-8080-exec-1] DEBUG c.i.b.mapper.UserMapper.findOne : 
 ==> Parameters: (String) 
2021-04-08 17:03:58 [http-nio-8080-exec-1] DEBUG c.i.b.mapper.UserMapper.findOne : 
 <==      Total: 0 
2021-04-08 17:03:59 [http-nio-8080-exec-2] DEBUG c.i.b.mapper.UserMapper.findOne : 
 ==>  Preparing: select * from user WHERE name=? 
2021-04-08 17:03:59 [http-nio-8080-exec-2] DEBUG c.i.b.mapper.UserMapper.findOne : 
 ==> Parameters: (String) 
2021-04-08 17:03:59 [http-nio-8080-exec-2] DEBUG c.i.b.mapper.UserMapper.findOne : 
 <==      Total: 0 
2021-04-08 17:04:19 [http-nio-8080-exec-5] DEBUG c.i.b.mapper.UserMapper.findOne : 
 ==>  Preparing: select * from user WHERE name=? 
2021-04-08 17:04:19 [http-nio-8080-exec-5] DEBUG c.i.b.mapper.UserMapper.findOne : 
 ==> Parameters: jeremy(String) 
2021-04-08 17:04:19 [http-nio-8080-exec-5] DEBUG c.i.b.mapper.UserMapper.findOne : 
 <==      Total: 1 
2021-04-08 17:06:35 [http-nio-8080-exec-7] DEBUG c.i.b.mapper.UserMapper.findOne : 
 ==>  Preparing: select * from user WHERE name=? 
2021-04-08 17:06:35 [http-nio-8080-exec-7] DEBUG c.i.b.mapper.UserMapper.findOne : 
 ==> Parameters: (String) 
2021-04-08 17:06:35 [http-nio-8080-exec-7] DEBUG c.i.b.mapper.UserMapper.findOne : 
 <==      Total: 0 
2021-04-08 17:06:37 [http-nio-8080-exec-4] DEBUG c.i.b.mapper.UserMapper.findOne : 
 ==>  Preparing: select * from user WHERE name=? 
2021-04-08 17:06:37 [http-nio-8080-exec-4] DEBUG c.i.b.mapper.UserMapper.findOne : 
 ==> Parameters: (String) 
2021-04-08 17:06:37 [http-nio-8080-exec-4] DEBUG c.i.b.mapper.UserMapper.findOne : 
 <==      Total: 0 
2021-04-08 17:07:43 [http-nio-8080-exec-1] DEBUG c.i.b.mapper.UserMapper.findOne : 
 ==>  Preparing: select * from user WHERE name=? 
2021-04-08 17:07:43 [http-nio-8080-exec-1] DEBUG c.i.b.mapper.UserMapper.findOne : 
 ==> Parameters: (String) 
2021-04-08 17:07:43 [http-nio-8080-exec-1] DEBUG c.i.b.mapper.UserMapper.findOne : 
 <==      Total: 0 
2021-04-08 17:07:45 [http-nio-8080-exec-2] DEBUG c.i.b.mapper.UserMapper.findOne : 
 ==>  Preparing: select * from user WHERE name=? 
2021-04-08 17:07:45 [http-nio-8080-exec-2] DEBUG c.i.b.mapper.UserMapper.findOne : 
 ==> Parameters: (String) 
2021-04-08 17:07:45 [http-nio-8080-exec-2] DEBUG c.i.b.mapper.UserMapper.findOne : 
 <==      Total: 0 
2021-04-08 17:10:10 [http-nio-8080-exec-5] DEBUG c.i.b.mapper.UserMapper.findOne : 
 ==>  Preparing: select * from user WHERE name=? 
2021-04-08 17:10:10 [http-nio-8080-exec-5] DEBUG c.i.b.mapper.UserMapper.findOne : 
 ==> Parameters: (String) 
2021-04-08 17:10:10 [http-nio-8080-exec-5] DEBUG c.i.b.mapper.UserMapper.findOne : 
 <==      Total: 0 
2021-04-08 17:10:11 [http-nio-8080-exec-6] DEBUG c.i.b.mapper.UserMapper.findOne : 
 ==>  Preparing: select * from user WHERE name=? 
2021-04-08 17:10:11 [http-nio-8080-exec-6] DEBUG c.i.b.mapper.UserMapper.findOne : 
 ==> Parameters: (String) 
2021-04-08 17:10:11 [http-nio-8080-exec-6] DEBUG c.i.b.mapper.UserMapper.findOne : 
 <==      Total: 0 
2021-04-08 17:11:48 [http-nio-8080-exec-9] DEBUG c.i.b.mapper.UserMapper.findOne : 
 ==>  Preparing: select * from user WHERE name=? 
2021-04-08 17:11:48 [http-nio-8080-exec-9] DEBUG c.i.b.mapper.UserMapper.findOne : 
 ==> Parameters: (String) 
2021-04-08 17:11:48 [http-nio-8080-exec-9] DEBUG c.i.b.mapper.UserMapper.findOne : 
 <==      Total: 0 
2021-04-08 17:11:50 [http-nio-8080-exec-10] DEBUG c.i.b.mapper.UserMapper.findOne : 
 ==>  Preparing: select * from user WHERE name=? 
2021-04-08 17:11:50 [http-nio-8080-exec-10] DEBUG c.i.b.mapper.UserMapper.findOne : 
 ==> Parameters: (String) 
2021-04-08 17:11:50 [http-nio-8080-exec-10] DEBUG c.i.b.mapper.UserMapper.findOne : 
 <==      Total: 0 
2021-04-08 17:11:52 [http-nio-8080-exec-2] DEBUG c.i.b.mapper.UserMapper.findOne : 
 ==>  Preparing: select * from user WHERE name=? 
2021-04-08 17:11:52 [http-nio-8080-exec-2] DEBUG c.i.b.mapper.UserMapper.findOne : 
 ==> Parameters: (String) 
2021-04-08 17:11:52 [http-nio-8080-exec-2] DEBUG c.i.b.mapper.UserMapper.findOne : 
 <==      Total: 0 
2021-04-08 17:11:55 [http-nio-8080-exec-8] DEBUG c.i.b.mapper.UserMapper.findOne : 
 ==>  Preparing: select * from user WHERE name=? 
2021-04-08 17:11:55 [http-nio-8080-exec-8] DEBUG c.i.b.mapper.UserMapper.findOne : 
 ==> Parameters: (String) 
2021-04-08 17:11:55 [http-nio-8080-exec-8] DEBUG c.i.b.mapper.UserMapper.findOne : 
 <==      Total: 0 
2021-04-08 17:12:02 [http-nio-8080-exec-7] DEBUG c.i.b.mapper.UserMapper.findOne : 
 ==>  Preparing: select * from user WHERE name=? 
2021-04-08 17:12:02 [http-nio-8080-exec-7] DEBUG c.i.b.mapper.UserMapper.findOne : 
 ==> Parameters: (String) 
2021-04-08 17:12:02 [http-nio-8080-exec-7] DEBUG c.i.b.mapper.UserMapper.findOne : 
 <==      Total: 0 
2021-04-08 17:12:05 [http-nio-8080-exec-4] DEBUG c.i.b.mapper.UserMapper.findOne : 
 ==>  Preparing: select * from user WHERE name=? 
2021-04-08 17:12:05 [http-nio-8080-exec-4] DEBUG c.i.b.mapper.UserMapper.findOne : 
 ==> Parameters: (String) 
2021-04-08 17:12:05 [http-nio-8080-exec-4] DEBUG c.i.b.mapper.UserMapper.findOne : 
 <==      Total: 0 
2021-04-08 17:12:54 [http-nio-8080-exec-1] DEBUG c.i.b.mapper.UserMapper.findOne : 
 ==>  Preparing: select * from user WHERE name=? 
2021-04-08 17:12:54 [http-nio-8080-exec-1] DEBUG c.i.b.mapper.UserMapper.findOne : 
 ==> Parameters: (String) 
2021-04-08 17:12:54 [http-nio-8080-exec-1] DEBUG c.i.b.mapper.UserMapper.findOne : 
 <==      Total: 0 
2021-04-08 17:14:11 [http-nio-8080-exec-3] DEBUG c.i.b.mapper.UserMapper.findOne : 
 ==>  Preparing: select * from user WHERE name=? 
2021-04-08 17:14:11 [http-nio-8080-exec-3] DEBUG c.i.b.mapper.UserMapper.findOne : 
 ==> Parameters: (String) 
2021-04-08 17:14:11 [http-nio-8080-exec-3] DEBUG c.i.b.mapper.UserMapper.findOne : 
 <==      Total: 0 
2021-04-08 17:14:12 [http-nio-8080-exec-8] DEBUG c.i.b.mapper.UserMapper.findOne : 
 ==>  Preparing: select * from user WHERE name=? 
2021-04-08 17:14:12 [http-nio-8080-exec-8] DEBUG c.i.b.mapper.UserMapper.findOne : 
 ==> Parameters: (String) 
2021-04-08 17:14:12 [http-nio-8080-exec-8] DEBUG c.i.b.mapper.UserMapper.findOne : 
 <==      Total: 0 
2021-04-08 17:14:13 [http-nio-8080-exec-5] DEBUG c.i.b.mapper.UserMapper.findOne : 
 ==>  Preparing: select * from user WHERE name=? 
2021-04-08 17:14:13 [http-nio-8080-exec-5] DEBUG c.i.b.mapper.UserMapper.findOne : 
 ==> Parameters: (String) 
2021-04-08 17:14:13 [http-nio-8080-exec-5] DEBUG c.i.b.mapper.UserMapper.findOne : 
 <==      Total: 0 
2021-04-08 17:14:49 [http-nio-8080-exec-9] DEBUG c.i.b.mapper.UserMapper.findOne : 
 ==>  Preparing: select * from user WHERE name=? 
2021-04-08 17:14:49 [http-nio-8080-exec-9] DEBUG c.i.b.mapper.UserMapper.findOne : 
 ==> Parameters: (String) 
2021-04-08 17:14:49 [http-nio-8080-exec-9] DEBUG c.i.b.mapper.UserMapper.findOne : 
 <==      Total: 0 
2021-04-08 17:14:51 [http-nio-8080-exec-10] DEBUG c.i.b.mapper.UserMapper.findOne : 
 ==>  Preparing: select * from user WHERE name=? 
2021-04-08 17:14:51 [http-nio-8080-exec-10] DEBUG c.i.b.mapper.UserMapper.findOne : 
 ==> Parameters: (String) 
2021-04-08 17:14:51 [http-nio-8080-exec-10] DEBUG c.i.b.mapper.UserMapper.findOne : 
 <==      Total: 0 
2021-04-08 17:15:27 [http-nio-8080-exec-3] DEBUG c.i.b.mapper.UserMapper.findOne : 
 ==>  Preparing: select * from user WHERE name=? 
2021-04-08 17:15:27 [http-nio-8080-exec-3] DEBUG c.i.b.mapper.UserMapper.findOne : 
 ==> Parameters: (String) 
2021-04-08 17:15:27 [http-nio-8080-exec-3] DEBUG c.i.b.mapper.UserMapper.findOne : 
 <==      Total: 0 
2021-04-08 17:15:29 [http-nio-8080-exec-8] DEBUG c.i.b.mapper.UserMapper.findOne : 
 ==>  Preparing: select * from user WHERE name=? 
2021-04-08 17:15:29 [http-nio-8080-exec-8] DEBUG c.i.b.mapper.UserMapper.findOne : 
 ==> Parameters: (String) 
2021-04-08 17:15:29 [http-nio-8080-exec-8] DEBUG c.i.b.mapper.UserMapper.findOne : 
 <==      Total: 0 
2021-04-08 17:15:52 [http-nio-8080-exec-7] DEBUG c.i.b.mapper.UserMapper.findOne : 
 ==>  Preparing: select * from user WHERE name=? 
2021-04-08 17:15:52 [http-nio-8080-exec-7] DEBUG c.i.b.mapper.UserMapper.findOne : 
 ==> Parameters: (String) 
2021-04-08 17:15:52 [http-nio-8080-exec-7] DEBUG c.i.b.mapper.UserMapper.findOne : 
 <==      Total: 0 
2021-04-08 17:16:06 [http-nio-8080-exec-9] DEBUG c.i.b.mapper.UserMapper.findOne : 
 ==>  Preparing: select * from user WHERE name=? 
2021-04-08 17:16:06 [http-nio-8080-exec-9] DEBUG c.i.b.mapper.UserMapper.findOne : 
 ==> Parameters: simon(String) 
2021-04-08 17:16:06 [http-nio-8080-exec-9] DEBUG c.i.b.mapper.UserMapper.findOne : 
 <==      Total: 0 
2021-04-08 17:16:07 [http-nio-8080-exec-10] DEBUG c.i.b.mapper.UserMapper.findOne : 
 ==>  Preparing: select * from user WHERE name=? 
2021-04-08 17:16:07 [http-nio-8080-exec-10] DEBUG c.i.b.mapper.UserMapper.findOne : 
 ==> Parameters: (String) 
2021-04-08 17:16:07 [http-nio-8080-exec-10] DEBUG c.i.b.mapper.UserMapper.findOne : 
 <==      Total: 0 
2021-04-08 17:17:25 [http-nio-8080-exec-3] DEBUG c.i.b.mapper.UserMapper.findOne : 
 ==>  Preparing: select * from user WHERE name=? 
2021-04-08 17:17:25 [http-nio-8080-exec-3] DEBUG c.i.b.mapper.UserMapper.findOne : 
 ==> Parameters: (String) 
2021-04-08 17:17:25 [http-nio-8080-exec-3] DEBUG c.i.b.mapper.UserMapper.findOne : 
 <==      Total: 0 
2021-04-08 17:17:27 [http-nio-8080-exec-8] DEBUG c.i.b.mapper.UserMapper.findOne : 
 ==>  Preparing: select * from user WHERE name=? 
2021-04-08 17:17:27 [http-nio-8080-exec-8] DEBUG c.i.b.mapper.UserMapper.findOne : 
 ==> Parameters: (String) 
2021-04-08 17:17:27 [http-nio-8080-exec-8] DEBUG c.i.b.mapper.UserMapper.findOne : 
 <==      Total: 0 
2021-04-08 17:19:03 [http-nio-8080-exec-7] DEBUG c.i.b.mapper.UserMapper.findOne : 
 ==>  Preparing: select * from user WHERE name=? 
2021-04-08 17:19:03 [http-nio-8080-exec-7] DEBUG c.i.b.mapper.UserMapper.findOne : 
 ==> Parameters: 56(String) 
2021-04-08 17:19:03 [http-nio-8080-exec-7] DEBUG c.i.b.mapper.UserMapper.findOne : 
 <==      Total: 0 
2021-04-08 17:19:48 [http-nio-8080-exec-9] DEBUG c.i.b.mapper.UserMapper.findOne : 
 ==>  Preparing: select * from user WHERE name=? 
2021-04-08 17:19:48 [http-nio-8080-exec-9] DEBUG c.i.b.mapper.UserMapper.findOne : 
 ==> Parameters: dgy(String) 
2021-04-08 17:19:48 [http-nio-8080-exec-9] DEBUG c.i.b.mapper.UserMapper.findOne : 
 <==      Total: 0 
2021-04-08 17:21:02 [http-nio-8080-exec-1] DEBUG c.i.b.mapper.UserMapper.findOne : 
 ==>  Preparing: select * from user WHERE id=? 
2021-04-08 17:21:02 [http-nio-8080-exec-1] DEBUG c.i.b.mapper.UserMapper.findOne : 
 ==> Parameters: 1(Integer) 
2021-04-08 17:21:02 [http-nio-8080-exec-1] DEBUG c.i.b.mapper.UserMapper.findOne : 
 <==      Total: 1 
